{"C:\\Users\\austi\\Downloads\\vs code\\24-25\\ECS 193AB\\expert-mapping-interface\\src\\backend\\etl\\aggieExpertsAPI\\services\\fetchExpertProfiles.js": {"path":"C:\\Users\\austi\\Downloads\\vs code\\24-25\\ECS 193AB\\expert-mapping-interface\\src\\backend\\etl\\aggieExpertsAPI\\services\\fetchExpertProfiles.js","statementMap":{"0":{"start":{"line":11,"column":11},"end":{"line":11,"column":24}},"1":{"start":{"line":12,"column":13},"end":{"line":12,"column":28}},"2":{"start":{"line":13,"column":26},"end":{"line":13,"column":55}},"3":{"start":{"line":21,"column":18},"end":{"line":21,"column":64}},"4":{"start":{"line":22,"column":18},"end":{"line":22,"column":51}},"5":{"start":{"line":23,"column":16},"end":{"line":23,"column":54}},"6":{"start":{"line":25,"column":14},"end":{"line":25,"column":78}},"7":{"start":{"line":25,"column":41},"end":{"line":25,"column":77}},"8":{"start":{"line":26,"column":2},"end":{"line":26,"column":34}},"9":{"start":{"line":34,"column":2},"end":{"line":64,"column":3}},"10":{"start":{"line":36,"column":4},"end":{"line":36,"column":52}},"11":{"start":{"line":37,"column":25},"end":{"line":37,"column":57}},"12":{"start":{"line":40,"column":4},"end":{"line":40,"column":53}},"13":{"start":{"line":41,"column":27},"end":{"line":41,"column":29}},"14":{"start":{"line":43,"column":4},"end":{"line":56,"column":5}},"15":{"start":{"line":43,"column":17},"end":{"line":43,"column":18}},"16":{"start":{"line":44,"column":23},"end":{"line":44,"column":38}},"17":{"start":{"line":46,"column":6},"end":{"line":55,"column":7}},"18":{"start":{"line":48,"column":27},"end":{"line":48,"column":81}},"19":{"start":{"line":51,"column":8},"end":{"line":51,"column":40}},"20":{"start":{"line":53,"column":8},"end":{"line":53,"column":89}},"21":{"start":{"line":58,"column":4},"end":{"line":58,"column":83}},"22":{"start":{"line":59,"column":4},"end":{"line":59,"column":26}},"23":{"start":{"line":62,"column":4},"end":{"line":62,"column":63}},"24":{"start":{"line":63,"column":4},"end":{"line":63,"column":16}},"25":{"start":{"line":67,"column":0},"end":{"line":67,"column":41}}},"fnMap":{"0":{"name":"readExpertIdsFromCSV","decl":{"start":{"line":20,"column":9},"end":{"line":20,"column":29}},"loc":{"start":{"line":20,"column":46},"end":{"line":27,"column":1}},"line":20},"1":{"name":"(anonymous_1)","decl":{"start":{"line":25,"column":33},"end":{"line":25,"column":34}},"loc":{"start":{"line":25,"column":41},"end":{"line":25,"column":77}},"line":25},"2":{"name":"fetchExpertProfiles","decl":{"start":{"line":33,"column":15},"end":{"line":33,"column":34}},"loc":{"start":{"line":33,"column":78},"end":{"line":65,"column":1}},"line":33}},"branchMap":{"0":{"loc":{"start":{"line":20,"column":30},"end":{"line":20,"column":44}},"type":"default-arg","locations":[{"start":{"line":20,"column":43},"end":{"line":20,"column":44}}],"line":20},"1":{"loc":{"start":{"line":33,"column":35},"end":{"line":33,"column":47}},"type":"default-arg","locations":[{"start":{"line":33,"column":46},"end":{"line":33,"column":47}}],"line":33},"2":{"loc":{"start":{"line":33,"column":49},"end":{"line":33,"column":61}},"type":"default-arg","locations":[{"start":{"line":33,"column":60},"end":{"line":33,"column":61}}],"line":33},"3":{"loc":{"start":{"line":33,"column":63},"end":{"line":33,"column":76}},"type":"default-arg","locations":[{"start":{"line":33,"column":75},"end":{"line":33,"column":76}}],"line":33}},"s":{"0":1,"1":1,"2":1,"3":0,"4":0,"5":0,"6":0,"7":0,"8":0,"9":0,"10":0,"11":0,"12":0,"13":0,"14":0,"15":0,"16":0,"17":0,"18":0,"19":0,"20":0,"21":0,"22":0,"23":0,"24":0,"25":1},"f":{"0":0,"1":0,"2":0},"b":{"0":[0],"1":[0],"2":[0],"3":[0]},"_coverageSchema":"1a1c01bbd47fc00a2c39e90264f33305004495a9","hash":"567907aef75ea1ca05ba70d98d3c068fb090db75"}
,"C:\\Users\\austi\\Downloads\\vs code\\24-25\\ECS 193AB\\expert-mapping-interface\\src\\backend\\etl\\aggieExpertsAPI\\services\\fetchProfileByID.js": {"path":"C:\\Users\\austi\\Downloads\\vs code\\24-25\\ECS 193AB\\expert-mapping-interface\\src\\backend\\etl\\aggieExpertsAPI\\services\\fetchProfileByID.js","statementMap":{"0":{"start":{"line":9,"column":27},"end":{"line":9,"column":60}},"1":{"start":{"line":18,"column":2},"end":{"line":18,"column":55}},"2":{"start":{"line":18,"column":17},"end":{"line":18,"column":55}},"3":{"start":{"line":20,"column":2},"end":{"line":72,"column":3}},"4":{"start":{"line":21,"column":19},"end":{"line":26,"column":5}},"5":{"start":{"line":28,"column":17},"end":{"line":28,"column":105}},"6":{"start":{"line":29,"column":4},"end":{"line":29,"column":98}},"7":{"start":{"line":29,"column":43},"end":{"line":29,"column":98}},"8":{"start":{"line":32,"column":19},"end":{"line":45,"column":5}},"9":{"start":{"line":47,"column":4},"end":{"line":66,"column":5}},"10":{"start":{"line":48,"column":20},"end":{"line":48,"column":34}},"11":{"start":{"line":51,"column":20},"end":{"line":54,"column":7}},"12":{"start":{"line":52,"column":8},"end":{"line":53,"column":89}},"13":{"start":{"line":56,"column":21},"end":{"line":59,"column":7}},"14":{"start":{"line":57,"column":8},"end":{"line":58,"column":39}},"15":{"start":{"line":62,"column":6},"end":{"line":62,"column":66}},"16":{"start":{"line":63,"column":6},"end":{"line":63,"column":70}},"17":{"start":{"line":68,"column":4},"end":{"line":68,"column":18}},"18":{"start":{"line":70,"column":4},"end":{"line":70,"column":71}},"19":{"start":{"line":71,"column":4},"end":{"line":71,"column":16}},"20":{"start":{"line":77,"column":2},"end":{"line":77,"column":27}},"21":{"start":{"line":77,"column":17},"end":{"line":77,"column":27}},"22":{"start":{"line":78,"column":2},"end":{"line":78,"column":113}},"23":{"start":{"line":83,"column":23},"end":{"line":83,"column":64}},"24":{"start":{"line":84,"column":2},"end":{"line":84,"column":37}},"25":{"start":{"line":89,"column":82},"end":{"line":89,"column":86}},"26":{"start":{"line":92,"column":27},"end":{"line":92,"column":90}},"27":{"start":{"line":93,"column":21},"end":{"line":93,"column":44}},"28":{"start":{"line":94,"column":21},"end":{"line":94,"column":50}},"29":{"start":{"line":97,"column":15},"end":{"line":99,"column":11}},"30":{"start":{"line":102,"column":19},"end":{"line":102,"column":32}},"31":{"start":{"line":103,"column":13},"end":{"line":107,"column":3}},"32":{"start":{"line":105,"column":28},"end":{"line":105,"column":45}},"33":{"start":{"line":108,"column":2},"end":{"line":108,"column":40}},"34":{"start":{"line":109,"column":2},"end":{"line":117,"column":4}},"35":{"start":{"line":114,"column":38},"end":{"line":114,"column":81}},"36":{"start":{"line":129,"column":6},"end":{"line":129,"column":11}},"37":{"start":{"line":132,"column":14},"end":{"line":132,"column":23}},"38":{"start":{"line":133,"column":2},"end":{"line":135,"column":3}},"39":{"start":{"line":134,"column":4},"end":{"line":134,"column":43}},"40":{"start":{"line":138,"column":18},"end":{"line":139,"column":58}},"41":{"start":{"line":139,"column":26},"end":{"line":139,"column":40}},"42":{"start":{"line":140,"column":2},"end":{"line":140,"column":50}},"43":{"start":{"line":141,"column":2},"end":{"line":150,"column":4}},"44":{"start":{"line":154,"column":2},"end":{"line":157,"column":49}},"45":{"start":{"line":157,"column":28},"end":{"line":157,"column":47}},"46":{"start":{"line":160,"column":0},"end":{"line":160,"column":35}}},"fnMap":{"0":{"name":"getExpertData","decl":{"start":{"line":17,"column":15},"end":{"line":17,"column":28}},"loc":{"start":{"line":17,"column":72},"end":{"line":73,"column":1}},"line":17},"1":{"name":"(anonymous_1)","decl":{"start":{"line":51,"column":33},"end":{"line":51,"column":34}},"loc":{"start":{"line":52,"column":8},"end":{"line":53,"column":89}},"line":52},"2":{"name":"(anonymous_2)","decl":{"start":{"line":56,"column":34},"end":{"line":56,"column":35}},"loc":{"start":{"line":57,"column":8},"end":{"line":58,"column":39}},"line":57},"3":{"name":"formatName","decl":{"start":{"line":76,"column":9},"end":{"line":76,"column":19}},"loc":{"start":{"line":76,"column":30},"end":{"line":79,"column":1}},"line":76},"4":{"name":"processItems","decl":{"start":{"line":82,"column":9},"end":{"line":82,"column":21}},"loc":{"start":{"line":82,"column":47},"end":{"line":85,"column":1}},"line":82},"5":{"name":"processWork","decl":{"start":{"line":88,"column":9},"end":{"line":88,"column":20}},"loc":{"start":{"line":88,"column":27},"end":{"line":118,"column":1}},"line":88},"6":{"name":"(anonymous_6)","decl":{"start":{"line":105,"column":23},"end":{"line":105,"column":24}},"loc":{"start":{"line":105,"column":28},"end":{"line":105,"column":45}},"line":105},"7":{"name":"(anonymous_7)","decl":{"start":{"line":114,"column":33},"end":{"line":114,"column":34}},"loc":{"start":{"line":114,"column":38},"end":{"line":114,"column":81}},"line":114},"8":{"name":"processGrant","decl":{"start":{"line":121,"column":9},"end":{"line":121,"column":21}},"loc":{"start":{"line":121,"column":29},"end":{"line":151,"column":1}},"line":121},"9":{"name":"(anonymous_9)","decl":{"start":{"line":139,"column":19},"end":{"line":139,"column":20}},"loc":{"start":{"line":139,"column":26},"end":{"line":139,"column":40}},"line":139},"10":{"name":"splitCamelPascal","decl":{"start":{"line":153,"column":9},"end":{"line":153,"column":25}},"loc":{"start":{"line":153,"column":31},"end":{"line":158,"column":1}},"line":153},"11":{"name":"(anonymous_11)","decl":{"start":{"line":157,"column":19},"end":{"line":157,"column":20}},"loc":{"start":{"line":157,"column":28},"end":{"line":157,"column":47}},"line":157}},"branchMap":{"0":{"loc":{"start":{"line":17,"column":39},"end":{"line":17,"column":53}},"type":"default-arg","locations":[{"start":{"line":17,"column":52},"end":{"line":17,"column":53}}],"line":17},"1":{"loc":{"start":{"line":17,"column":55},"end":{"line":17,"column":70}},"type":"default-arg","locations":[{"start":{"line":17,"column":69},"end":{"line":17,"column":70}}],"line":17},"2":{"loc":{"start":{"line":18,"column":2},"end":{"line":18,"column":55}},"type":"if","locations":[{"start":{"line":18,"column":2},"end":{"line":18,"column":55}},{"start":{},"end":{}}],"line":18},"3":{"loc":{"start":{"line":29,"column":4},"end":{"line":29,"column":98}},"type":"if","locations":[{"start":{"line":29,"column":4},"end":{"line":29,"column":98}},{"start":{},"end":{}}],"line":29},"4":{"loc":{"start":{"line":29,"column":8},"end":{"line":29,"column":41}},"type":"binary-expr","locations":[{"start":{"line":29,"column":8},"end":{"line":29,"column":13}},{"start":{"line":29,"column":17},"end":{"line":29,"column":41}}],"line":29},"5":{"loc":{"start":{"line":34,"column":12},"end":{"line":34,"column":31}},"type":"binary-expr","locations":[{"start":{"line":34,"column":12},"end":{"line":34,"column":25}},{"start":{"line":34,"column":29},"end":{"line":34,"column":31}}],"line":34},"6":{"loc":{"start":{"line":35,"column":17},"end":{"line":35,"column":55}},"type":"binary-expr","locations":[{"start":{"line":35,"column":17},"end":{"line":35,"column":49}},{"start":{"line":35,"column":53},"end":{"line":35,"column":55}}],"line":35},"7":{"loc":{"start":{"line":36,"column":18},"end":{"line":36,"column":57}},"type":"binary-expr","locations":[{"start":{"line":36,"column":18},"end":{"line":36,"column":51}},{"start":{"line":36,"column":55},"end":{"line":36,"column":57}}],"line":36},"8":{"loc":{"start":{"line":37,"column":16},"end":{"line":37,"column":55}},"type":"binary-expr","locations":[{"start":{"line":37,"column":16},"end":{"line":37,"column":49}},{"start":{"line":37,"column":53},"end":{"line":37,"column":55}}],"line":37},"9":{"loc":{"start":{"line":39,"column":13},"end":{"line":39,"column":51}},"type":"binary-expr","locations":[{"start":{"line":39,"column":13},"end":{"line":39,"column":45}},{"start":{"line":39,"column":49},"end":{"line":39,"column":51}}],"line":39},"10":{"loc":{"start":{"line":40,"column":24},"end":{"line":40,"column":75}},"type":"binary-expr","locations":[{"start":{"line":40,"column":24},"end":{"line":40,"column":69}},{"start":{"line":40,"column":73},"end":{"line":40,"column":75}}],"line":40},"11":{"loc":{"start":{"line":42,"column":11},"end":{"line":42,"column":28}},"type":"binary-expr","locations":[{"start":{"line":42,"column":11},"end":{"line":42,"column":22}},{"start":{"line":42,"column":26},"end":{"line":42,"column":28}}],"line":42},"12":{"loc":{"start":{"line":47,"column":4},"end":{"line":66,"column":5}},"type":"if","locations":[{"start":{"line":47,"column":4},"end":{"line":66,"column":5}},{"start":{},"end":{}}],"line":47},"13":{"loc":{"start":{"line":52,"column":8},"end":{"line":53,"column":89}},"type":"binary-expr","locations":[{"start":{"line":52,"column":8},"end":{"line":52,"column":21}},{"start":{"line":52,"column":25},"end":{"line":52,"column":53}},{"start":{"line":52,"column":57},"end":{"line":52,"column":70}},{"start":{"line":53,"column":9},"end":{"line":53,"column":51}},{"start":{"line":53,"column":55},"end":{"line":53,"column":88}}],"line":52},"14":{"loc":{"start":{"line":57,"column":8},"end":{"line":58,"column":39}},"type":"binary-expr","locations":[{"start":{"line":57,"column":8},"end":{"line":57,"column":21}},{"start":{"line":57,"column":25},"end":{"line":57,"column":53}},{"start":{"line":58,"column":8},"end":{"line":58,"column":39}}],"line":57},"15":{"loc":{"start":{"line":77,"column":2},"end":{"line":77,"column":27}},"type":"if","locations":[{"start":{"line":77,"column":2},"end":{"line":77,"column":27}},{"start":{},"end":{}}],"line":77},"16":{"loc":{"start":{"line":78,"column":12},"end":{"line":78,"column":32}},"type":"binary-expr","locations":[{"start":{"line":78,"column":12},"end":{"line":78,"column":26}},{"start":{"line":78,"column":30},"end":{"line":78,"column":32}}],"line":78},"17":{"loc":{"start":{"line":78,"column":36},"end":{"line":78,"column":57}},"type":"binary-expr","locations":[{"start":{"line":78,"column":36},"end":{"line":78,"column":51}},{"start":{"line":78,"column":55},"end":{"line":78,"column":57}}],"line":78},"18":{"loc":{"start":{"line":78,"column":61},"end":{"line":78,"column":82}},"type":"binary-expr","locations":[{"start":{"line":78,"column":61},"end":{"line":78,"column":76}},{"start":{"line":78,"column":80},"end":{"line":78,"column":82}}],"line":78},"19":{"loc":{"start":{"line":83,"column":23},"end":{"line":83,"column":64}},"type":"cond-expr","locations":[{"start":{"line":83,"column":35},"end":{"line":83,"column":56}},{"start":{"line":83,"column":59},"end":{"line":83,"column":64}}],"line":83},"20":{"loc":{"start":{"line":89,"column":10},"end":{"line":89,"column":20}},"type":"default-arg","locations":[{"start":{"line":89,"column":18},"end":{"line":89,"column":20}}],"line":89},"21":{"loc":{"start":{"line":89,"column":22},"end":{"line":89,"column":35}},"type":"default-arg","locations":[{"start":{"line":89,"column":33},"end":{"line":89,"column":35}}],"line":89},"22":{"loc":{"start":{"line":89,"column":37},"end":{"line":89,"column":48}},"type":"default-arg","locations":[{"start":{"line":89,"column":46},"end":{"line":89,"column":48}}],"line":89},"23":{"loc":{"start":{"line":89,"column":50},"end":{"line":89,"column":61}},"type":"default-arg","locations":[{"start":{"line":89,"column":59},"end":{"line":89,"column":61}}],"line":89},"24":{"loc":{"start":{"line":89,"column":70},"end":{"line":89,"column":77}},"type":"default-arg","locations":[{"start":{"line":89,"column":75},"end":{"line":89,"column":77}}],"line":89},"25":{"loc":{"start":{"line":92,"column":27},"end":{"line":92,"column":90}},"type":"binary-expr","locations":[{"start":{"line":92,"column":27},"end":{"line":92,"column":57}},{"start":{"line":92,"column":61},"end":{"line":92,"column":84}},{"start":{"line":92,"column":88},"end":{"line":92,"column":90}}],"line":92},"26":{"loc":{"start":{"line":93,"column":21},"end":{"line":93,"column":44}},"type":"binary-expr","locations":[{"start":{"line":93,"column":21},"end":{"line":93,"column":38}},{"start":{"line":93,"column":42},"end":{"line":93,"column":44}}],"line":93},"27":{"loc":{"start":{"line":94,"column":21},"end":{"line":94,"column":50}},"type":"binary-expr","locations":[{"start":{"line":94,"column":21},"end":{"line":94,"column":31}},{"start":{"line":94,"column":35},"end":{"line":94,"column":44}},{"start":{"line":94,"column":48},"end":{"line":94,"column":50}}],"line":94},"28":{"loc":{"start":{"line":97,"column":15},"end":{"line":99,"column":11}},"type":"cond-expr","locations":[{"start":{"line":98,"column":6},"end":{"line":98,"column":131}},{"start":{"line":99,"column":6},"end":{"line":99,"column":11}}],"line":97},"29":{"loc":{"start":{"line":98,"column":28},"end":{"line":98,"column":43}},"type":"binary-expr","locations":[{"start":{"line":98,"column":28},"end":{"line":98,"column":37}},{"start":{"line":98,"column":41},"end":{"line":98,"column":43}}],"line":98},"30":{"loc":{"start":{"line":103,"column":13},"end":{"line":107,"column":3}},"type":"cond-expr","locations":[{"start":{"line":103,"column":25},"end":{"line":103,"column":27}},{"start":{"line":104,"column":4},"end":{"line":106,"column":118}}],"line":103},"31":{"loc":{"start":{"line":104,"column":4},"end":{"line":106,"column":118}},"type":"cond-expr","locations":[{"start":{"line":105,"column":9},"end":{"line":105,"column":52}},{"start":{"line":106,"column":9},"end":{"line":106,"column":117}}],"line":104},"32":{"loc":{"start":{"line":105,"column":9},"end":{"line":105,"column":52}},"type":"binary-expr","locations":[{"start":{"line":105,"column":9},"end":{"line":105,"column":46}},{"start":{"line":105,"column":50},"end":{"line":105,"column":52}}],"line":105},"33":{"loc":{"start":{"line":105,"column":28},"end":{"line":105,"column":45}},"type":"binary-expr","locations":[{"start":{"line":105,"column":28},"end":{"line":105,"column":29}},{"start":{"line":105,"column":33},"end":{"line":105,"column":45}}],"line":105},"34":{"loc":{"start":{"line":106,"column":9},"end":{"line":106,"column":117}},"type":"cond-expr","locations":[{"start":{"line":106,"column":70},"end":{"line":106,"column":106}},{"start":{"line":106,"column":109},"end":{"line":106,"column":117}}],"line":106},"35":{"loc":{"start":{"line":106,"column":9},"end":{"line":106,"column":67}},"type":"binary-expr","locations":[{"start":{"line":106,"column":9},"end":{"line":106,"column":37}},{"start":{"line":106,"column":41},"end":{"line":106,"column":67}}],"line":106},"36":{"loc":{"start":{"line":114,"column":13},"end":{"line":114,"column":87}},"type":"cond-expr","locations":[{"start":{"line":114,"column":22},"end":{"line":114,"column":82}},{"start":{"line":114,"column":85},"end":{"line":114,"column":87}}],"line":114},"37":{"loc":{"start":{"line":114,"column":41},"end":{"line":114,"column":54}},"type":"binary-expr","locations":[{"start":{"line":114,"column":41},"end":{"line":114,"column":48}},{"start":{"line":114,"column":52},"end":{"line":114,"column":54}}],"line":114},"38":{"loc":{"start":{"line":114,"column":58},"end":{"line":114,"column":72}},"type":"binary-expr","locations":[{"start":{"line":114,"column":58},"end":{"line":114,"column":66}},{"start":{"line":114,"column":70},"end":{"line":114,"column":72}}],"line":114},"39":{"loc":{"start":{"line":115,"column":8},"end":{"line":115,"column":39}},"type":"cond-expr","locations":[{"start":{"line":115,"column":13},"end":{"line":115,"column":32}},{"start":{"line":115,"column":35},"end":{"line":115,"column":39}}],"line":115},"40":{"loc":{"start":{"line":123,"column":11},"end":{"line":123,"column":18}},"type":"default-arg","locations":[{"start":{"line":123,"column":16},"end":{"line":123,"column":18}}],"line":123},"41":{"loc":{"start":{"line":124,"column":10},"end":{"line":124,"column":24}},"type":"default-arg","locations":[{"start":{"line":124,"column":22},"end":{"line":124,"column":24}}],"line":124},"42":{"loc":{"start":{"line":125,"column":4},"end":{"line":125,"column":19}},"type":"default-arg","locations":[{"start":{"line":125,"column":17},"end":{"line":125,"column":19}}],"line":125},"43":{"loc":{"start":{"line":126,"column":4},"end":{"line":126,"column":15}},"type":"default-arg","locations":[{"start":{"line":126,"column":13},"end":{"line":126,"column":15}}],"line":126},"44":{"loc":{"start":{"line":127,"column":4},"end":{"line":127,"column":25}},"type":"default-arg","locations":[{"start":{"line":127,"column":23},"end":{"line":127,"column":25}}],"line":127},"45":{"loc":{"start":{"line":128,"column":4},"end":{"line":128,"column":18}},"type":"default-arg","locations":[{"start":{"line":128,"column":16},"end":{"line":128,"column":18}}],"line":128},"46":{"loc":{"start":{"line":133,"column":2},"end":{"line":135,"column":3}},"type":"if","locations":[{"start":{"line":133,"column":2},"end":{"line":135,"column":3}},{"start":{},"end":{}}],"line":133},"47":{"loc":{"start":{"line":133,"column":6},"end":{"line":133,"column":62}},"type":"binary-expr","locations":[{"start":{"line":133,"column":6},"end":{"line":133,"column":35}},{"start":{"line":133,"column":39},"end":{"line":133,"column":62}}],"line":133},"48":{"loc":{"start":{"line":138,"column":18},"end":{"line":139,"column":58}},"type":"cond-expr","locations":[{"start":{"line":138,"column":60},"end":{"line":138,"column":62}},{"start":{"line":139,"column":4},"end":{"line":139,"column":58}}],"line":138},"49":{"loc":{"start":{"line":138,"column":18},"end":{"line":138,"column":57}},"type":"binary-expr","locations":[{"start":{"line":138,"column":18},"end":{"line":138,"column":28}},{"start":{"line":138,"column":32},"end":{"line":138,"column":57}}],"line":138},"50":{"loc":{"start":{"line":139,"column":4},"end":{"line":139,"column":58}},"type":"binary-expr","locations":[{"start":{"line":139,"column":4},"end":{"line":139,"column":52}},{"start":{"line":139,"column":56},"end":{"line":139,"column":58}}],"line":139},"51":{"loc":{"start":{"line":142,"column":8},"end":{"line":142,"column":39}},"type":"cond-expr","locations":[{"start":{"line":142,"column":13},"end":{"line":142,"column":32}},{"start":{"line":142,"column":35},"end":{"line":142,"column":39}}],"line":142},"52":{"loc":{"start":{"line":145,"column":12},"end":{"line":145,"column":34}},"type":"binary-expr","locations":[{"start":{"line":145,"column":12},"end":{"line":145,"column":28}},{"start":{"line":145,"column":32},"end":{"line":145,"column":34}}],"line":145},"53":{"loc":{"start":{"line":147,"column":15},"end":{"line":147,"column":54}},"type":"binary-expr","locations":[{"start":{"line":147,"column":15},"end":{"line":147,"column":48}},{"start":{"line":147,"column":52},"end":{"line":147,"column":54}}],"line":147},"54":{"loc":{"start":{"line":148,"column":13},"end":{"line":148,"column":50}},"type":"binary-expr","locations":[{"start":{"line":148,"column":13},"end":{"line":148,"column":44}},{"start":{"line":148,"column":48},"end":{"line":148,"column":50}}],"line":148},"55":{"loc":{"start":{"line":149,"column":15},"end":{"line":149,"column":88}},"type":"cond-expr","locations":[{"start":{"line":149,"column":42},"end":{"line":149,"column":62}},{"start":{"line":149,"column":65},"end":{"line":149,"column":88}}],"line":149},"56":{"loc":{"start":{"line":149,"column":72},"end":{"line":149,"column":87}},"type":"binary-expr","locations":[{"start":{"line":149,"column":72},"end":{"line":149,"column":81}},{"start":{"line":149,"column":85},"end":{"line":149,"column":87}}],"line":149}},"s":{"0":1,"1":0,"2":0,"3":0,"4":0,"5":0,"6":0,"7":0,"8":0,"9":0,"10":0,"11":0,"12":0,"13":0,"14":0,"15":0,"16":0,"17":0,"18":0,"19":0,"20":0,"21":0,"22":0,"23":0,"24":0,"25":0,"26":0,"27":0,"28":0,"29":0,"30":0,"31":0,"32":0,"33":0,"34":0,"35":0,"36":0,"37":0,"38":0,"39":0,"40":0,"41":0,"42":0,"43":0,"44":0,"45":0,"46":1},"f":{"0":0,"1":0,"2":0,"3":0,"4":0,"5":0,"6":0,"7":0,"8":0,"9":0,"10":0,"11":0},"b":{"0":[0],"1":[0],"2":[0,0],"3":[0,0],"4":[0,0],"5":[0,0],"6":[0,0],"7":[0,0],"8":[0,0],"9":[0,0],"10":[0,0],"11":[0,0],"12":[0,0],"13":[0,0,0,0,0],"14":[0,0,0],"15":[0,0],"16":[0,0],"17":[0,0],"18":[0,0],"19":[0,0],"20":[0],"21":[0],"22":[0],"23":[0],"24":[0],"25":[0,0,0],"26":[0,0],"27":[0,0,0],"28":[0,0],"29":[0,0],"30":[0,0],"31":[0,0],"32":[0,0],"33":[0,0],"34":[0,0],"35":[0,0],"36":[0,0],"37":[0,0],"38":[0,0],"39":[0,0],"40":[0],"41":[0],"42":[0],"43":[0],"44":[0],"45":[0],"46":[0,0],"47":[0,0],"48":[0,0],"49":[0,0],"50":[0,0],"51":[0,0],"52":[0,0],"53":[0,0],"54":[0,0],"55":[0,0],"56":[0,0]},"_coverageSchema":"1a1c01bbd47fc00a2c39e90264f33305004495a9","hash":"719893b9e9719dc017f28a2528323de1de5dfab1"}
,"C:\\Users\\austi\\Downloads\\vs code\\24-25\\ECS 193AB\\expert-mapping-interface\\src\\backend\\etl\\aggieExpertsAPI\\services\\formatFeatures.js": {"path":"C:\\Users\\austi\\Downloads\\vs code\\24-25\\ECS 193AB\\expert-mapping-interface\\src\\backend\\etl\\aggieExpertsAPI\\services\\formatFeatures.js","statementMap":{"0":{"start":{"line":15,"column":19},"end":{"line":15,"column":28}},"1":{"start":{"line":16,"column":20},"end":{"line":16,"column":29}},"2":{"start":{"line":19,"column":2},"end":{"line":76,"column":5}},"3":{"start":{"line":20,"column":23},"end":{"line":29,"column":5}},"4":{"start":{"line":32,"column":4},"end":{"line":52,"column":5}},"5":{"start":{"line":33,"column":6},"end":{"line":51,"column":9}},"6":{"start":{"line":34,"column":23},"end":{"line":34,"column":30}},"7":{"start":{"line":37,"column":30},"end":{"line":37,"column":41}},"8":{"start":{"line":38,"column":8},"end":{"line":40,"column":9}},"9":{"start":{"line":39,"column":10},"end":{"line":39,"column":57}},"10":{"start":{"line":42,"column":8},"end":{"line":50,"column":9}},"11":{"start":{"line":44,"column":31},"end":{"line":44,"column":51}},"12":{"start":{"line":45,"column":10},"end":{"line":45,"column":55}},"13":{"start":{"line":48,"column":27},"end":{"line":48,"column":77}},"14":{"start":{"line":49,"column":10},"end":{"line":49,"column":41}},"15":{"start":{"line":55,"column":4},"end":{"line":75,"column":5}},"16":{"start":{"line":56,"column":6},"end":{"line":74,"column":9}},"17":{"start":{"line":57,"column":24},"end":{"line":57,"column":32}},"18":{"start":{"line":60,"column":31},"end":{"line":60,"column":43}},"19":{"start":{"line":61,"column":8},"end":{"line":63,"column":9}},"20":{"start":{"line":62,"column":10},"end":{"line":62,"column":59}},"21":{"start":{"line":65,"column":8},"end":{"line":73,"column":9}},"22":{"start":{"line":67,"column":32},"end":{"line":67,"column":54}},"23":{"start":{"line":68,"column":10},"end":{"line":68,"column":56}},"24":{"start":{"line":71,"column":28},"end":{"line":71,"column":79}},"25":{"start":{"line":72,"column":10},"end":{"line":72,"column":44}},"26":{"start":{"line":79,"column":25},"end":{"line":79,"column":54}},"27":{"start":{"line":80,"column":26},"end":{"line":80,"column":56}},"28":{"start":{"line":82,"column":2},"end":{"line":85,"column":4}},"29":{"start":{"line":88,"column":0},"end":{"line":88,"column":36}}},"fnMap":{"0":{"name":"formatFeatures","decl":{"start":{"line":13,"column":9},"end":{"line":13,"column":23}},"loc":{"start":{"line":13,"column":40},"end":{"line":86,"column":1}},"line":13},"1":{"name":"(anonymous_1)","decl":{"start":{"line":19,"column":25},"end":{"line":19,"column":26}},"loc":{"start":{"line":19,"column":35},"end":{"line":76,"column":3}},"line":19},"2":{"name":"(anonymous_2)","decl":{"start":{"line":33,"column":27},"end":{"line":33,"column":28}},"loc":{"start":{"line":33,"column":35},"end":{"line":51,"column":7}},"line":33},"3":{"name":"(anonymous_3)","decl":{"start":{"line":56,"column":28},"end":{"line":56,"column":29}},"loc":{"start":{"line":56,"column":37},"end":{"line":74,"column":7}},"line":56}},"branchMap":{"0":{"loc":{"start":{"line":32,"column":4},"end":{"line":52,"column":5}},"type":"if","locations":[{"start":{"line":32,"column":4},"end":{"line":52,"column":5}},{"start":{},"end":{}}],"line":32},"1":{"loc":{"start":{"line":32,"column":8},"end":{"line":32,"column":51}},"type":"binary-expr","locations":[{"start":{"line":32,"column":8},"end":{"line":32,"column":20}},{"start":{"line":32,"column":24},"end":{"line":32,"column":51}}],"line":32},"2":{"loc":{"start":{"line":38,"column":8},"end":{"line":40,"column":9}},"type":"if","locations":[{"start":{"line":38,"column":8},"end":{"line":40,"column":9}},{"start":{},"end":{}}],"line":38},"3":{"loc":{"start":{"line":38,"column":12},"end":{"line":38,"column":82}},"type":"binary-expr","locations":[{"start":{"line":38,"column":12},"end":{"line":38,"column":47}},{"start":{"line":38,"column":51},"end":{"line":38,"column":82}}],"line":38},"4":{"loc":{"start":{"line":42,"column":8},"end":{"line":50,"column":9}},"type":"if","locations":[{"start":{"line":42,"column":8},"end":{"line":50,"column":9}},{"start":{"line":46,"column":15},"end":{"line":50,"column":9}}],"line":42},"5":{"loc":{"start":{"line":55,"column":4},"end":{"line":75,"column":5}},"type":"if","locations":[{"start":{"line":55,"column":4},"end":{"line":75,"column":5}},{"start":{},"end":{}}],"line":55},"6":{"loc":{"start":{"line":55,"column":8},"end":{"line":55,"column":53}},"type":"binary-expr","locations":[{"start":{"line":55,"column":8},"end":{"line":55,"column":21}},{"start":{"line":55,"column":25},"end":{"line":55,"column":53}}],"line":55},"7":{"loc":{"start":{"line":61,"column":8},"end":{"line":63,"column":9}},"type":"if","locations":[{"start":{"line":61,"column":8},"end":{"line":63,"column":9}},{"start":{},"end":{}}],"line":61},"8":{"loc":{"start":{"line":61,"column":12},"end":{"line":61,"column":84}},"type":"binary-expr","locations":[{"start":{"line":61,"column":12},"end":{"line":61,"column":48}},{"start":{"line":61,"column":52},"end":{"line":61,"column":84}}],"line":61},"9":{"loc":{"start":{"line":65,"column":8},"end":{"line":73,"column":9}},"type":"if","locations":[{"start":{"line":65,"column":8},"end":{"line":73,"column":9}},{"start":{"line":69,"column":15},"end":{"line":73,"column":9}}],"line":65}},"s":{"0":0,"1":0,"2":0,"3":0,"4":0,"5":0,"6":0,"7":0,"8":0,"9":0,"10":0,"11":0,"12":0,"13":0,"14":0,"15":0,"16":0,"17":0,"18":0,"19":0,"20":0,"21":0,"22":0,"23":0,"24":0,"25":0,"26":0,"27":0,"28":0,"29":1},"f":{"0":0,"1":0,"2":0,"3":0},"b":{"0":[0,0],"1":[0,0],"2":[0,0],"3":[0,0],"4":[0,0],"5":[0,0],"6":[0,0],"7":[0,0],"8":[0,0],"9":[0,0]},"_coverageSchema":"1a1c01bbd47fc00a2c39e90264f33305004495a9","hash":"8d1c14304132bdd05012bb6f53a2818da52c8f6f"}
,"C:\\Users\\austi\\Downloads\\vs code\\24-25\\ECS 193AB\\expert-mapping-interface\\src\\backend\\etl\\aggieExpertsAPI\\services\\getExpertProfiles.js": {"path":"C:\\Users\\austi\\Downloads\\vs code\\24-25\\ECS 193AB\\expert-mapping-interface\\src\\backend\\etl\\aggieExpertsAPI\\services\\getExpertProfiles.js","statementMap":{"0":{"start":{"line":8,"column":55},"end":{"line":8,"column":93}},"1":{"start":{"line":18,"column":2},"end":{"line":45,"column":3}},"2":{"start":{"line":19,"column":4},"end":{"line":19,"column":69}},"3":{"start":{"line":22,"column":30},"end":{"line":22,"column":37}},"4":{"start":{"line":25,"column":25},"end":{"line":27,"column":33}},"5":{"start":{"line":29,"column":4},"end":{"line":31,"column":5}},"6":{"start":{"line":30,"column":6},"end":{"line":30,"column":89}},"7":{"start":{"line":33,"column":27},"end":{"line":33,"column":45}},"8":{"start":{"line":34,"column":4},"end":{"line":38,"column":6}},"9":{"start":{"line":40,"column":4},"end":{"line":40,"column":68}},"10":{"start":{"line":41,"column":4},"end":{"line":44,"column":6}},"11":{"start":{"line":49,"column":0},"end":{"line":62,"column":1}},"12":{"start":{"line":50,"column":15},"end":{"line":50,"column":36}},"13":{"start":{"line":51,"column":17},"end":{"line":51,"column":39}},"14":{"start":{"line":53,"column":2},"end":{"line":61,"column":7}},"15":{"start":{"line":55,"column":6},"end":{"line":60,"column":7}},"16":{"start":{"line":56,"column":8},"end":{"line":56,"column":92}},"17":{"start":{"line":58,"column":8},"end":{"line":58,"column":79}},"18":{"start":{"line":59,"column":8},"end":{"line":59,"column":24}},"19":{"start":{"line":64,"column":0},"end":{"line":64,"column":39}}},"fnMap":{"0":{"name":"getExpertProfiles","decl":{"start":{"line":17,"column":15},"end":{"line":17,"column":32}},"loc":{"start":{"line":17,"column":47},"end":{"line":46,"column":1}},"line":17},"1":{"name":"(anonymous_1)","decl":{"start":{"line":54,"column":10},"end":{"line":54,"column":11}},"loc":{"start":{"line":54,"column":20},"end":{"line":61,"column":5}},"line":54}},"branchMap":{"0":{"loc":{"start":{"line":17,"column":33},"end":{"line":17,"column":45}},"type":"default-arg","locations":[{"start":{"line":17,"column":43},"end":{"line":17,"column":45}}],"line":17},"1":{"loc":{"start":{"line":22,"column":12},"end":{"line":22,"column":25}},"type":"default-arg","locations":[{"start":{"line":22,"column":21},"end":{"line":22,"column":25}}],"line":22},"2":{"loc":{"start":{"line":25,"column":25},"end":{"line":27,"column":33}},"type":"cond-expr","locations":[{"start":{"line":26,"column":8},"end":{"line":26,"column":39}},{"start":{"line":27,"column":8},"end":{"line":27,"column":33}}],"line":25},"3":{"loc":{"start":{"line":29,"column":4},"end":{"line":31,"column":5}},"type":"if","locations":[{"start":{"line":29,"column":4},"end":{"line":31,"column":5}},{"start":{},"end":{}}],"line":29},"4":{"loc":{"start":{"line":29,"column":8},"end":{"line":29,"column":64}},"type":"binary-expr","locations":[{"start":{"line":29,"column":8},"end":{"line":29,"column":29}},{"start":{"line":29,"column":33},"end":{"line":29,"column":64}}],"line":29},"5":{"loc":{"start":{"line":49,"column":0},"end":{"line":62,"column":1}},"type":"if","locations":[{"start":{"line":49,"column":0},"end":{"line":62,"column":1}},{"start":{},"end":{}}],"line":49},"6":{"loc":{"start":{"line":55,"column":6},"end":{"line":60,"column":7}},"type":"if","locations":[{"start":{"line":55,"column":6},"end":{"line":60,"column":7}},{"start":{"line":57,"column":13},"end":{"line":60,"column":7}}],"line":55}},"s":{"0":1,"1":0,"2":0,"3":0,"4":0,"5":0,"6":0,"7":0,"8":0,"9":0,"10":0,"11":1,"12":0,"13":0,"14":0,"15":0,"16":0,"17":0,"18":0,"19":1},"f":{"0":0,"1":0},"b":{"0":[0],"1":[0],"2":[0,0],"3":[0,0],"4":[0,0],"5":[0,1],"6":[0,0]},"_coverageSchema":"1a1c01bbd47fc00a2c39e90264f33305004495a9","hash":"886755b37f59ff0823981a06d8ee93c5e1351634"}
,"C:\\Users\\austi\\Downloads\\vs code\\24-25\\ECS 193AB\\expert-mapping-interface\\src\\backend\\etl\\aggieExpertsAPI\\utils\\expertProfileCache.js": {"path":"C:\\Users\\austi\\Downloads\\vs code\\24-25\\ECS 193AB\\expert-mapping-interface\\src\\backend\\etl\\aggieExpertsAPI\\utils\\expertProfileCache.js","statementMap":{"0":{"start":{"line":8,"column":58},"end":{"line":8,"column":81}},"1":{"start":{"line":11,"column":21},"end":{"line":125,"column":1}},"2":{"start":{"line":13,"column":15},"end":{"line":13,"column":93}},"3":{"start":{"line":14,"column":4},"end":{"line":14,"column":14}},"4":{"start":{"line":18,"column":27},"end":{"line":22,"column":5}},"5":{"start":{"line":19,"column":6},"end":{"line":19,"column":52}},"6":{"start":{"line":19,"column":32},"end":{"line":19,"column":52}},"7":{"start":{"line":20,"column":6},"end":{"line":20,"column":77}},"8":{"start":{"line":20,"column":37},"end":{"line":20,"column":77}},"9":{"start":{"line":21,"column":6},"end":{"line":21,"column":15}},"10":{"start":{"line":25,"column":27},"end":{"line":33,"column":6}},"11":{"start":{"line":35,"column":28},"end":{"line":43,"column":6}},"12":{"start":{"line":45,"column":4},"end":{"line":45,"column":46}},"13":{"start":{"line":49,"column":15},"end":{"line":49,"column":79}},"14":{"start":{"line":52,"column":22},"end":{"line":52,"column":44}},"15":{"start":{"line":53,"column":21},"end":{"line":53,"column":42}},"16":{"start":{"line":56,"column":21},"end":{"line":58,"column":34}},"17":{"start":{"line":61,"column":24},"end":{"line":64,"column":5}},"18":{"start":{"line":62,"column":6},"end":{"line":62,"column":28}},"19":{"start":{"line":62,"column":18},"end":{"line":62,"column":28}},"20":{"start":{"line":63,"column":6},"end":{"line":63,"column":64}},"21":{"start":{"line":66,"column":4},"end":{"line":90,"column":6}},"22":{"start":{"line":75,"column":48},"end":{"line":78,"column":7}},"23":{"start":{"line":79,"column":51},"end":{"line":86,"column":7}},"24":{"start":{"line":94,"column":21},"end":{"line":94,"column":99}},"25":{"start":{"line":96,"column":18},"end":{"line":100,"column":11}},"26":{"start":{"line":102,"column":19},"end":{"line":106,"column":11}},"27":{"start":{"line":107,"column":28},"end":{"line":121,"column":5}},"28":{"start":{"line":123,"column":4},"end":{"line":123,"column":27}},"29":{"start":{"line":128,"column":2},"end":{"line":130,"column":3}},"30":{"start":{"line":129,"column":4},"end":{"line":129,"column":73}},"31":{"start":{"line":132,"column":21},"end":{"line":132,"column":83}},"32":{"start":{"line":132,"column":50},"end":{"line":132,"column":82}},"33":{"start":{"line":133,"column":2},"end":{"line":135,"column":3}},"34":{"start":{"line":134,"column":4},"end":{"line":134,"column":105}},"35":{"start":{"line":137,"column":2},"end":{"line":137,"column":65}},"36":{"start":{"line":147,"column":21},"end":{"line":147,"column":29}},"37":{"start":{"line":149,"column":2},"end":{"line":165,"column":3}},"38":{"start":{"line":150,"column":24},"end":{"line":150,"column":94}},"39":{"start":{"line":152,"column":4},"end":{"line":156,"column":6}},"40":{"start":{"line":154,"column":37},"end":{"line":154,"column":75}},"41":{"start":{"line":158,"column":4},"end":{"line":158,"column":71}},"42":{"start":{"line":159,"column":4},"end":{"line":164,"column":6}},"43":{"start":{"line":174,"column":21},"end":{"line":174,"column":29}},"44":{"start":{"line":175,"column":22},"end":{"line":175,"column":41}},"45":{"start":{"line":177,"column":2},"end":{"line":253,"column":3}},"46":{"start":{"line":178,"column":4},"end":{"line":178,"column":32}},"47":{"start":{"line":181,"column":21},"end":{"line":181,"column":72}},"48":{"start":{"line":182,"column":28},"end":{"line":182,"column":49}},"49":{"start":{"line":184,"column":4},"end":{"line":192,"column":5}},"50":{"start":{"line":185,"column":6},"end":{"line":185,"column":91}},"51":{"start":{"line":186,"column":6},"end":{"line":191,"column":8}},"52":{"start":{"line":194,"column":4},"end":{"line":194,"column":66}},"53":{"start":{"line":197,"column":17},"end":{"line":197,"column":58}},"54":{"start":{"line":198,"column":23},"end":{"line":198,"column":103}},"55":{"start":{"line":198,"column":42},"end":{"line":198,"column":102}},"56":{"start":{"line":200,"column":4},"end":{"line":200,"column":70}},"57":{"start":{"line":203,"column":18},"end":{"line":203,"column":20}},"58":{"start":{"line":204,"column":4},"end":{"line":233,"column":5}},"59":{"start":{"line":205,"column":22},"end":{"line":205,"column":52}},"60":{"start":{"line":208,"column":6},"end":{"line":211,"column":7}},"61":{"start":{"line":209,"column":8},"end":{"line":209,"column":60}},"62":{"start":{"line":210,"column":8},"end":{"line":210,"column":17}},"63":{"start":{"line":214,"column":25},"end":{"line":214,"column":27}},"64":{"start":{"line":215,"column":6},"end":{"line":225,"column":7}},"65":{"start":{"line":216,"column":8},"end":{"line":224,"column":9}},"66":{"start":{"line":217,"column":10},"end":{"line":221,"column":11}},"67":{"start":{"line":218,"column":12},"end":{"line":218,"column":50}},"68":{"start":{"line":220,"column":12},"end":{"line":220,"column":38}},"69":{"start":{"line":223,"column":10},"end":{"line":223,"column":36}},"70":{"start":{"line":227,"column":28},"end":{"line":227,"column":72}},"71":{"start":{"line":230,"column":6},"end":{"line":232,"column":7}},"72":{"start":{"line":231,"column":8},"end":{"line":231,"column":34}},"73":{"start":{"line":235,"column":4},"end":{"line":235,"column":87}},"74":{"start":{"line":237,"column":4},"end":{"line":242,"column":6}},"75":{"start":{"line":244,"column":4},"end":{"line":244,"column":78}},"76":{"start":{"line":245,"column":4},"end":{"line":250,"column":6}},"77":{"start":{"line":252,"column":4},"end":{"line":252,"column":35}},"78":{"start":{"line":256,"column":0},"end":{"line":260,"column":2}}},"fnMap":{"0":{"name":"(anonymous_0)","decl":{"start":{"line":12,"column":13},"end":{"line":12,"column":14}},"loc":{"start":{"line":12,"column":32},"end":{"line":15,"column":3}},"line":12},"1":{"name":"(anonymous_1)","decl":{"start":{"line":16,"column":19},"end":{"line":16,"column":20}},"loc":{"start":{"line":16,"column":47},"end":{"line":46,"column":3}},"line":16},"2":{"name":"(anonymous_2)","decl":{"start":{"line":18,"column":27},"end":{"line":18,"column":28}},"loc":{"start":{"line":18,"column":38},"end":{"line":22,"column":5}},"line":18},"3":{"name":"(anonymous_3)","decl":{"start":{"line":47,"column":22},"end":{"line":47,"column":23}},"loc":{"start":{"line":47,"column":45},"end":{"line":91,"column":3}},"line":47},"4":{"name":"(anonymous_4)","decl":{"start":{"line":61,"column":24},"end":{"line":61,"column":25}},"loc":{"start":{"line":61,"column":48},"end":{"line":64,"column":5}},"line":61},"5":{"name":"(anonymous_5)","decl":{"start":{"line":75,"column":39},"end":{"line":75,"column":40}},"loc":{"start":{"line":75,"column":48},"end":{"line":78,"column":7}},"line":75},"6":{"name":"(anonymous_6)","decl":{"start":{"line":79,"column":41},"end":{"line":79,"column":42}},"loc":{"start":{"line":79,"column":51},"end":{"line":86,"column":7}},"line":79},"7":{"name":"(anonymous_7)","decl":{"start":{"line":92,"column":23},"end":{"line":92,"column":24}},"loc":{"start":{"line":92,"column":41},"end":{"line":124,"column":3}},"line":92},"8":{"name":"cacheEntities","decl":{"start":{"line":127,"column":15},"end":{"line":127,"column":28}},"loc":{"start":{"line":127,"column":48},"end":{"line":138,"column":1}},"line":127},"9":{"name":"(anonymous_9)","decl":{"start":{"line":132,"column":42},"end":{"line":132,"column":43}},"loc":{"start":{"line":132,"column":50},"end":{"line":132,"column":82}},"line":132},"10":{"name":"getCachedEntities","decl":{"start":{"line":146,"column":15},"end":{"line":146,"column":32}},"loc":{"start":{"line":146,"column":59},"end":{"line":166,"column":1}},"line":146},"11":{"name":"(anonymous_11)","decl":{"start":{"line":154,"column":29},"end":{"line":154,"column":30}},"loc":{"start":{"line":154,"column":37},"end":{"line":154,"column":75}},"line":154},"12":{"name":"getRecentCachedEntities","decl":{"start":{"line":173,"column":15},"end":{"line":173,"column":38}},"loc":{"start":{"line":173,"column":53},"end":{"line":254,"column":1}},"line":173},"13":{"name":"(anonymous_13)","decl":{"start":{"line":198,"column":35},"end":{"line":198,"column":36}},"loc":{"start":{"line":198,"column":42},"end":{"line":198,"column":102}},"line":198}},"branchMap":{"0":{"loc":{"start":{"line":13,"column":15},"end":{"line":13,"column":93}},"type":"cond-expr","locations":[{"start":{"line":13,"column":28},"end":{"line":13,"column":55}},{"start":{"line":13,"column":58},"end":{"line":13,"column":93}}],"line":13},"1":{"loc":{"start":{"line":13,"column":58},"end":{"line":13,"column":93}},"type":"binary-expr","locations":[{"start":{"line":13,"column":58},"end":{"line":13,"column":73}},{"start":{"line":13,"column":77},"end":{"line":13,"column":93}}],"line":13},"2":{"loc":{"start":{"line":19,"column":6},"end":{"line":19,"column":52}},"type":"if","locations":[{"start":{"line":19,"column":6},"end":{"line":19,"column":52}},{"start":{},"end":{}}],"line":19},"3":{"loc":{"start":{"line":20,"column":6},"end":{"line":20,"column":77}},"type":"if","locations":[{"start":{"line":20,"column":6},"end":{"line":20,"column":77}},{"start":{},"end":{}}],"line":20},"4":{"loc":{"start":{"line":20,"column":55},"end":{"line":20,"column":68}},"type":"binary-expr","locations":[{"start":{"line":20,"column":55},"end":{"line":20,"column":60}},{"start":{"line":20,"column":64},"end":{"line":20,"column":68}}],"line":20},"5":{"loc":{"start":{"line":49,"column":15},"end":{"line":49,"column":79}},"type":"cond-expr","locations":[{"start":{"line":49,"column":28},"end":{"line":49,"column":55}},{"start":{"line":49,"column":58},"end":{"line":49,"column":79}}],"line":49},"6":{"loc":{"start":{"line":49,"column":58},"end":{"line":49,"column":79}},"type":"binary-expr","locations":[{"start":{"line":49,"column":58},"end":{"line":49,"column":73}},{"start":{"line":49,"column":77},"end":{"line":49,"column":79}}],"line":49},"7":{"loc":{"start":{"line":52,"column":22},"end":{"line":52,"column":44}},"type":"binary-expr","locations":[{"start":{"line":52,"column":22},"end":{"line":52,"column":38}},{"start":{"line":52,"column":42},"end":{"line":52,"column":44}}],"line":52},"8":{"loc":{"start":{"line":53,"column":21},"end":{"line":53,"column":42}},"type":"binary-expr","locations":[{"start":{"line":53,"column":21},"end":{"line":53,"column":36}},{"start":{"line":53,"column":40},"end":{"line":53,"column":42}}],"line":53},"9":{"loc":{"start":{"line":56,"column":21},"end":{"line":58,"column":34}},"type":"binary-expr","locations":[{"start":{"line":56,"column":21},"end":{"line":56,"column":36}},{"start":{"line":57,"column":20},"end":{"line":57,"column":86}},{"start":{"line":58,"column":20},"end":{"line":58,"column":34}}],"line":56},"10":{"loc":{"start":{"line":62,"column":6},"end":{"line":62,"column":28}},"type":"if","locations":[{"start":{"line":62,"column":6},"end":{"line":62,"column":28}},{"start":{},"end":{}}],"line":62},"11":{"loc":{"start":{"line":63,"column":13},"end":{"line":63,"column":63}},"type":"cond-expr","locations":[{"start":{"line":63,"column":36},"end":{"line":63,"column":58}},{"start":{"line":63,"column":61},"end":{"line":63,"column":63}}],"line":63},"12":{"loc":{"start":{"line":67,"column":10},"end":{"line":67,"column":18}},"type":"binary-expr","locations":[{"start":{"line":67,"column":10},"end":{"line":67,"column":12}},{"start":{"line":67,"column":16},"end":{"line":67,"column":18}}],"line":67},"13":{"loc":{"start":{"line":69,"column":19},"end":{"line":69,"column":42}},"type":"binary-expr","locations":[{"start":{"line":69,"column":19},"end":{"line":69,"column":36}},{"start":{"line":69,"column":40},"end":{"line":69,"column":42}}],"line":69},"14":{"loc":{"start":{"line":72,"column":13},"end":{"line":72,"column":31}},"type":"binary-expr","locations":[{"start":{"line":72,"column":13},"end":{"line":72,"column":25}},{"start":{"line":72,"column":29},"end":{"line":72,"column":31}}],"line":72},"15":{"loc":{"start":{"line":73,"column":25},"end":{"line":73,"column":54}},"type":"binary-expr","locations":[{"start":{"line":73,"column":25},"end":{"line":73,"column":48}},{"start":{"line":73,"column":52},"end":{"line":73,"column":54}}],"line":73},"16":{"loc":{"start":{"line":74,"column":11},"end":{"line":74,"column":27}},"type":"binary-expr","locations":[{"start":{"line":74,"column":11},"end":{"line":74,"column":21}},{"start":{"line":74,"column":25},"end":{"line":74,"column":27}}],"line":74},"17":{"loc":{"start":{"line":77,"column":14},"end":{"line":77,"column":81}},"type":"cond-expr","locations":[{"start":{"line":77,"column":26},"end":{"line":77,"column":69}},{"start":{"line":77,"column":72},"end":{"line":77,"column":81}}],"line":77},"18":{"loc":{"start":{"line":81,"column":19},"end":{"line":85,"column":25}},"type":"cond-expr","locations":[{"start":{"line":82,"column":11},"end":{"line":84,"column":27}},{"start":{"line":85,"column":10},"end":{"line":85,"column":25}}],"line":81},"19":{"loc":{"start":{"line":82,"column":11},"end":{"line":84,"column":27}},"type":"cond-expr","locations":[{"start":{"line":83,"column":12},"end":{"line":83,"column":61}},{"start":{"line":84,"column":12},"end":{"line":84,"column":27}}],"line":82},"20":{"loc":{"start":{"line":87,"column":21},"end":{"line":87,"column":68}},"type":"binary-expr","locations":[{"start":{"line":87,"column":21},"end":{"line":87,"column":40}},{"start":{"line":87,"column":44},"end":{"line":87,"column":68}}],"line":87},"21":{"loc":{"start":{"line":94,"column":21},"end":{"line":94,"column":99}},"type":"binary-expr","locations":[{"start":{"line":94,"column":21},"end":{"line":94,"column":36}},{"start":{"line":94,"column":41},"end":{"line":94,"column":98}}],"line":94},"22":{"loc":{"start":{"line":94,"column":41},"end":{"line":94,"column":98}},"type":"cond-expr","locations":[{"start":{"line":94,"column":60},"end":{"line":94,"column":93}},{"start":{"line":94,"column":96},"end":{"line":94,"column":98}}],"line":94},"23":{"loc":{"start":{"line":96,"column":18},"end":{"line":100,"column":11}},"type":"cond-expr","locations":[{"start":{"line":97,"column":6},"end":{"line":97,"column":24}},{"start":{"line":98,"column":7},"end":{"line":100,"column":10}}],"line":96},"24":{"loc":{"start":{"line":98,"column":7},"end":{"line":100,"column":10}},"type":"cond-expr","locations":[{"start":{"line":99,"column":8},"end":{"line":99,"column":46}},{"start":{"line":100,"column":8},"end":{"line":100,"column":10}}],"line":98},"25":{"loc":{"start":{"line":99,"column":19},"end":{"line":99,"column":45}},"type":"binary-expr","locations":[{"start":{"line":99,"column":19},"end":{"line":99,"column":37}},{"start":{"line":99,"column":41},"end":{"line":99,"column":45}}],"line":99},"26":{"loc":{"start":{"line":102,"column":19},"end":{"line":106,"column":11}},"type":"cond-expr","locations":[{"start":{"line":103,"column":6},"end":{"line":103,"column":25}},{"start":{"line":104,"column":7},"end":{"line":106,"column":10}}],"line":102},"27":{"loc":{"start":{"line":104,"column":7},"end":{"line":106,"column":10}},"type":"cond-expr","locations":[{"start":{"line":105,"column":8},"end":{"line":105,"column":47}},{"start":{"line":106,"column":8},"end":{"line":106,"column":10}}],"line":104},"28":{"loc":{"start":{"line":105,"column":19},"end":{"line":105,"column":46}},"type":"binary-expr","locations":[{"start":{"line":105,"column":19},"end":{"line":105,"column":38}},{"start":{"line":105,"column":42},"end":{"line":105,"column":46}}],"line":105},"29":{"loc":{"start":{"line":113,"column":13},"end":{"line":113,"column":37}},"type":"binary-expr","locations":[{"start":{"line":113,"column":13},"end":{"line":113,"column":31}},{"start":{"line":113,"column":35},"end":{"line":113,"column":37}}],"line":113},"30":{"loc":{"start":{"line":114,"column":24},"end":{"line":114,"column":60}},"type":"binary-expr","locations":[{"start":{"line":114,"column":24},"end":{"line":114,"column":54}},{"start":{"line":114,"column":58},"end":{"line":114,"column":60}}],"line":114},"31":{"loc":{"start":{"line":115,"column":11},"end":{"line":115,"column":33}},"type":"binary-expr","locations":[{"start":{"line":115,"column":11},"end":{"line":115,"column":27}},{"start":{"line":115,"column":31},"end":{"line":115,"column":33}}],"line":115},"32":{"loc":{"start":{"line":118,"column":20},"end":{"line":118,"column":52}},"type":"binary-expr","locations":[{"start":{"line":118,"column":20},"end":{"line":118,"column":46}},{"start":{"line":118,"column":50},"end":{"line":118,"column":52}}],"line":118},"33":{"loc":{"start":{"line":119,"column":21},"end":{"line":119,"column":53}},"type":"binary-expr","locations":[{"start":{"line":119,"column":21},"end":{"line":119,"column":47}},{"start":{"line":119,"column":51},"end":{"line":119,"column":53}}],"line":119},"34":{"loc":{"start":{"line":120,"column":16},"end":{"line":120,"column":44}},"type":"binary-expr","locations":[{"start":{"line":120,"column":16},"end":{"line":120,"column":38}},{"start":{"line":120,"column":42},"end":{"line":120,"column":44}}],"line":120},"35":{"loc":{"start":{"line":128,"column":2},"end":{"line":130,"column":3}},"type":"if","locations":[{"start":{"line":128,"column":2},"end":{"line":130,"column":3}},{"start":{},"end":{}}],"line":128},"36":{"loc":{"start":{"line":132,"column":22},"end":{"line":132,"column":33}},"type":"binary-expr","locations":[{"start":{"line":132,"column":22},"end":{"line":132,"column":27}},{"start":{"line":132,"column":31},"end":{"line":132,"column":33}}],"line":132},"37":{"loc":{"start":{"line":132,"column":50},"end":{"line":132,"column":82}},"type":"binary-expr","locations":[{"start":{"line":132,"column":50},"end":{"line":132,"column":54}},{"start":{"line":132,"column":58},"end":{"line":132,"column":82}}],"line":132},"38":{"loc":{"start":{"line":133,"column":2},"end":{"line":135,"column":3}},"type":"if","locations":[{"start":{"line":133,"column":2},"end":{"line":135,"column":3}},{"start":{},"end":{}}],"line":133},"39":{"loc":{"start":{"line":146,"column":33},"end":{"line":146,"column":43}},"type":"default-arg","locations":[{"start":{"line":146,"column":39},"end":{"line":146,"column":43}}],"line":146},"40":{"loc":{"start":{"line":146,"column":45},"end":{"line":146,"column":57}},"type":"default-arg","locations":[{"start":{"line":146,"column":55},"end":{"line":146,"column":57}}],"line":146},"41":{"loc":{"start":{"line":173,"column":39},"end":{"line":173,"column":51}},"type":"default-arg","locations":[{"start":{"line":173,"column":49},"end":{"line":173,"column":51}}],"line":173},"42":{"loc":{"start":{"line":184,"column":4},"end":{"line":192,"column":5}},"type":"if","locations":[{"start":{"line":184,"column":4},"end":{"line":192,"column":5}},{"start":{},"end":{}}],"line":184},"43":{"loc":{"start":{"line":198,"column":42},"end":{"line":198,"column":102}},"type":"binary-expr","locations":[{"start":{"line":198,"column":42},"end":{"line":198,"column":74}},{"start":{"line":198,"column":78},"end":{"line":198,"column":102}}],"line":198},"44":{"loc":{"start":{"line":208,"column":6},"end":{"line":211,"column":7}},"type":"if","locations":[{"start":{"line":208,"column":6},"end":{"line":211,"column":7}},{"start":{},"end":{}}],"line":208},"45":{"loc":{"start":{"line":208,"column":10},"end":{"line":208,"column":55}},"type":"binary-expr","locations":[{"start":{"line":208,"column":10},"end":{"line":208,"column":18}},{"start":{"line":208,"column":22},"end":{"line":208,"column":55}}],"line":208},"46":{"loc":{"start":{"line":216,"column":8},"end":{"line":224,"column":9}},"type":"if","locations":[{"start":{"line":216,"column":8},"end":{"line":224,"column":9}},{"start":{"line":222,"column":15},"end":{"line":224,"column":9}}],"line":216},"47":{"loc":{"start":{"line":216,"column":12},"end":{"line":216,"column":69}},"type":"binary-expr","locations":[{"start":{"line":216,"column":12},"end":{"line":216,"column":17}},{"start":{"line":216,"column":22},"end":{"line":216,"column":43}},{"start":{"line":216,"column":47},"end":{"line":216,"column":68}}],"line":216},"48":{"loc":{"start":{"line":230,"column":6},"end":{"line":232,"column":7}},"type":"if","locations":[{"start":{"line":230,"column":6},"end":{"line":232,"column":7}},{"start":{},"end":{}}],"line":230}},"s":{"0":1,"1":1,"2":0,"3":0,"4":0,"5":0,"6":0,"7":0,"8":0,"9":0,"10":0,"11":0,"12":0,"13":0,"14":0,"15":0,"16":0,"17":0,"18":0,"19":0,"20":0,"21":0,"22":0,"23":0,"24":0,"25":0,"26":0,"27":0,"28":0,"29":0,"30":0,"31":0,"32":0,"33":0,"34":0,"35":0,"36":0,"37":0,"38":0,"39":0,"40":0,"41":0,"42":0,"43":0,"44":0,"45":0,"46":0,"47":0,"48":0,"49":0,"50":0,"51":0,"52":0,"53":0,"54":0,"55":0,"56":0,"57":0,"58":0,"59":0,"60":0,"61":0,"62":0,"63":0,"64":0,"65":0,"66":0,"67":0,"68":0,"69":0,"70":0,"71":0,"72":0,"73":0,"74":0,"75":0,"76":0,"77":0,"78":1},"f":{"0":0,"1":0,"2":0,"3":0,"4":0,"5":0,"6":0,"7":0,"8":0,"9":0,"10":0,"11":0,"12":0,"13":0},"b":{"0":[0,0],"1":[0,0],"2":[0,0],"3":[0,0],"4":[0,0],"5":[0,0],"6":[0,0],"7":[0,0],"8":[0,0],"9":[0,0,0],"10":[0,0],"11":[0,0],"12":[0,0],"13":[0,0],"14":[0,0],"15":[0,0],"16":[0,0],"17":[0,0],"18":[0,0],"19":[0,0],"20":[0,0],"21":[0,0],"22":[0,0],"23":[0,0],"24":[0,0],"25":[0,0],"26":[0,0],"27":[0,0],"28":[0,0],"29":[0,0],"30":[0,0],"31":[0,0],"32":[0,0],"33":[0,0],"34":[0,0],"35":[0,0],"36":[0,0],"37":[0,0],"38":[0,0],"39":[0],"40":[0],"41":[0],"42":[0,0],"43":[0,0],"44":[0,0],"45":[0,0],"46":[0,0],"47":[0,0,0],"48":[0,0]},"_coverageSchema":"1a1c01bbd47fc00a2c39e90264f33305004495a9","hash":"b550a32ac683d89c217ab4ca7a81ae274a594022"}
,"C:\\Users\\austi\\Downloads\\vs code\\24-25\\ECS 193AB\\expert-mapping-interface\\src\\backend\\etl\\aggieExpertsAPI\\utils\\fetchingUtils.js": {"path":"C:\\Users\\austi\\Downloads\\vs code\\24-25\\ECS 193AB\\expert-mapping-interface\\src\\backend\\etl\\aggieExpertsAPI\\utils\\fetchingUtils.js","statementMap":{"0":{"start":{"line":17,"column":0},"end":{"line":17,"column":27}},"1":{"start":{"line":18,"column":14},"end":{"line":18,"column":30}},"2":{"start":{"line":21,"column":18},"end":{"line":21,"column":51}},"3":{"start":{"line":32,"column":2},"end":{"line":38,"column":3}},"4":{"start":{"line":33,"column":21},"end":{"line":33,"column":62}},"5":{"start":{"line":34,"column":4},"end":{"line":34,"column":25}},"6":{"start":{"line":36,"column":4},"end":{"line":36,"column":63}},"7":{"start":{"line":37,"column":4},"end":{"line":37,"column":16}},"8":{"start":{"line":50,"column":2},"end":{"line":56,"column":3}},"9":{"start":{"line":51,"column":21},"end":{"line":51,"column":59}},"10":{"start":{"line":52,"column":4},"end":{"line":52,"column":25}},"11":{"start":{"line":54,"column":4},"end":{"line":54,"column":63}},"12":{"start":{"line":55,"column":4},"end":{"line":55,"column":16}},"13":{"start":{"line":60,"column":0},"end":{"line":64,"column":2}}},"fnMap":{"0":{"name":"fetchFromApi","decl":{"start":{"line":31,"column":15},"end":{"line":31,"column":27}},"loc":{"start":{"line":31,"column":60},"end":{"line":39,"column":1}},"line":31},"1":{"name":"postRequestApi","decl":{"start":{"line":49,"column":15},"end":{"line":49,"column":29}},"loc":{"start":{"line":49,"column":57},"end":{"line":57,"column":1}},"line":49}},"branchMap":{"0":{"loc":{"start":{"line":31,"column":33},"end":{"line":31,"column":44}},"type":"default-arg","locations":[{"start":{"line":31,"column":42},"end":{"line":31,"column":44}}],"line":31},"1":{"loc":{"start":{"line":31,"column":46},"end":{"line":31,"column":58}},"type":"default-arg","locations":[{"start":{"line":31,"column":56},"end":{"line":31,"column":58}}],"line":31},"2":{"loc":{"start":{"line":49,"column":43},"end":{"line":49,"column":55}},"type":"default-arg","locations":[{"start":{"line":49,"column":53},"end":{"line":49,"column":55}}],"line":49}},"s":{"0":1,"1":1,"2":1,"3":0,"4":0,"5":0,"6":0,"7":0,"8":0,"9":0,"10":0,"11":0,"12":0,"13":1},"f":{"0":0,"1":0},"b":{"0":[0],"1":[0],"2":[0]},"_coverageSchema":"1a1c01bbd47fc00a2c39e90264f33305004495a9","hash":"b4f354243855ffe6d9247907d6257373b50a01b1"}
,"C:\\Users\\austi\\Downloads\\vs code\\24-25\\ECS 193AB\\expert-mapping-interface\\src\\backend\\etl\\aggieExpertsAPI\\utils\\redisUtils.js": {"path":"C:\\Users\\austi\\Downloads\\vs code\\24-25\\ECS 193AB\\expert-mapping-interface\\src\\backend\\etl\\aggieExpertsAPI\\utils\\redisUtils.js","statementMap":{"0":{"start":{"line":14,"column":0},"end":{"line":14,"column":27}},"1":{"start":{"line":15,"column":25},"end":{"line":15,"column":41}},"2":{"start":{"line":23,"column":26},"end":{"line":45,"column":1}},"3":{"start":{"line":25,"column":15},"end":{"line":25,"column":37}},"4":{"start":{"line":26,"column":15},"end":{"line":26,"column":37}},"5":{"start":{"line":28,"column":17},"end":{"line":30,"column":4}},"6":{"start":{"line":32,"column":2},"end":{"line":34,"column":5}},"7":{"start":{"line":33,"column":4},"end":{"line":33,"column":41}},"8":{"start":{"line":36,"column":2},"end":{"line":38,"column":5}},"9":{"start":{"line":37,"column":4},"end":{"line":37,"column":51}},"10":{"start":{"line":40,"column":2},"end":{"line":42,"column":5}},"11":{"start":{"line":41,"column":4},"end":{"line":41,"column":46}},"12":{"start":{"line":44,"column":2},"end":{"line":44,"column":16}},"13":{"start":{"line":53,"column":2},"end":{"line":53,"column":24}},"14":{"start":{"line":53,"column":14},"end":{"line":53,"column":24}},"15":{"start":{"line":55,"column":2},"end":{"line":58,"column":12}},"16":{"start":{"line":68,"column":17},"end":{"line":68,"column":36}},"17":{"start":{"line":70,"column":2},"end":{"line":81,"column":3}},"18":{"start":{"line":71,"column":4},"end":{"line":71,"column":27}},"19":{"start":{"line":72,"column":4},"end":{"line":72,"column":24}},"20":{"start":{"line":73,"column":4},"end":{"line":73,"column":16}},"21":{"start":{"line":75,"column":4},"end":{"line":75,"column":62}},"22":{"start":{"line":76,"column":4},"end":{"line":76,"column":17}},"23":{"start":{"line":78,"column":4},"end":{"line":80,"column":5}},"24":{"start":{"line":79,"column":6},"end":{"line":79,"column":32}},"25":{"start":{"line":94,"column":23},"end":{"line":94,"column":64}},"26":{"start":{"line":97,"column":26},"end":{"line":97,"column":28}},"27":{"start":{"line":100,"column":23},"end":{"line":100,"column":111}},"28":{"start":{"line":100,"column":50},"end":{"line":100,"column":110}},"29":{"start":{"line":104,"column":2},"end":{"line":115,"column":4}},"30":{"start":{"line":105,"column":17},"end":{"line":105,"column":34}},"31":{"start":{"line":106,"column":19},"end":{"line":106,"column":49}},"32":{"start":{"line":109,"column":6},"end":{"line":113,"column":7}},"33":{"start":{"line":112,"column":8},"end":{"line":112,"column":35}},"34":{"start":{"line":117,"column":2},"end":{"line":117,"column":109}},"35":{"start":{"line":120,"column":2},"end":{"line":122,"column":3}},"36":{"start":{"line":121,"column":4},"end":{"line":121,"column":138}},"37":{"start":{"line":124,"column":2},"end":{"line":124,"column":25}},"38":{"start":{"line":135,"column":76},"end":{"line":135,"column":82}},"39":{"start":{"line":138,"column":2},"end":{"line":142,"column":5}},"40":{"start":{"line":145,"column":2},"end":{"line":151,"column":3}},"41":{"start":{"line":146,"column":4},"end":{"line":150,"column":7}},"42":{"start":{"line":170,"column":6},"end":{"line":170,"column":13}},"43":{"start":{"line":172,"column":22},"end":{"line":172,"column":41}},"44":{"start":{"line":174,"column":2},"end":{"line":253,"column":3}},"45":{"start":{"line":175,"column":4},"end":{"line":175,"column":32}},"46":{"start":{"line":176,"column":4},"end":{"line":176,"column":80}},"47":{"start":{"line":178,"column":22},"end":{"line":178,"column":45}},"48":{"start":{"line":179,"column":28},"end":{"line":179,"column":82}},"49":{"start":{"line":180,"column":25},"end":{"line":180,"column":34}},"50":{"start":{"line":182,"column":19},"end":{"line":182,"column":20}},"51":{"start":{"line":183,"column":23},"end":{"line":183,"column":24}},"52":{"start":{"line":184,"column":25},"end":{"line":184,"column":26}},"53":{"start":{"line":185,"column":25},"end":{"line":185,"column":26}},"54":{"start":{"line":188,"column":4},"end":{"line":225,"column":5}},"55":{"start":{"line":188,"column":17},"end":{"line":188,"column":18}},"56":{"start":{"line":189,"column":19},"end":{"line":189,"column":27}},"57":{"start":{"line":190,"column":21},"end":{"line":190,"column":39}},"58":{"start":{"line":191,"column":22},"end":{"line":191,"column":47}},"59":{"start":{"line":193,"column":6},"end":{"line":197,"column":7}},"60":{"start":{"line":194,"column":8},"end":{"line":194,"column":25}},"61":{"start":{"line":196,"column":8},"end":{"line":196,"column":17}},"62":{"start":{"line":199,"column":6},"end":{"line":199,"column":31}},"63":{"start":{"line":200,"column":27},"end":{"line":200,"column":50}},"64":{"start":{"line":203,"column":6},"end":{"line":206,"column":7}},"65":{"start":{"line":204,"column":8},"end":{"line":204,"column":25}},"66":{"start":{"line":205,"column":8},"end":{"line":205,"column":17}},"67":{"start":{"line":209,"column":6},"end":{"line":213,"column":7}},"68":{"start":{"line":210,"column":8},"end":{"line":210,"column":23}},"69":{"start":{"line":212,"column":8},"end":{"line":212,"column":19}},"70":{"start":{"line":215,"column":28},"end":{"line":215,"column":63}},"71":{"start":{"line":216,"column":30},"end":{"line":216,"column":32}},"72":{"start":{"line":218,"column":6},"end":{"line":222,"column":7}},"73":{"start":{"line":219,"column":8},"end":{"line":221,"column":26}},"74":{"start":{"line":224,"column":6},"end":{"line":224,"column":55}},"75":{"start":{"line":228,"column":4},"end":{"line":234,"column":7}},"76":{"start":{"line":236,"column":4},"end":{"line":236,"column":95}},"77":{"start":{"line":237,"column":4},"end":{"line":237,"column":114}},"78":{"start":{"line":239,"column":4},"end":{"line":247,"column":6}},"79":{"start":{"line":249,"column":4},"end":{"line":249,"column":69}},"80":{"start":{"line":250,"column":4},"end":{"line":250,"column":52}},"81":{"start":{"line":252,"column":4},"end":{"line":252,"column":29}},"82":{"start":{"line":265,"column":2},"end":{"line":267,"column":3}},"83":{"start":{"line":266,"column":4},"end":{"line":266,"column":58}},"84":{"start":{"line":269,"column":46},"end":{"line":269,"column":53}},"85":{"start":{"line":270,"column":22},"end":{"line":270,"column":41}},"86":{"start":{"line":272,"column":2},"end":{"line":324,"column":3}},"87":{"start":{"line":273,"column":4},"end":{"line":273,"column":32}},"88":{"start":{"line":277,"column":4},"end":{"line":286,"column":5}},"89":{"start":{"line":279,"column":6},"end":{"line":279,"column":56}},"90":{"start":{"line":279,"column":33},"end":{"line":279,"column":54}},"91":{"start":{"line":280,"column":6},"end":{"line":280,"column":88}},"92":{"start":{"line":283,"column":19},"end":{"line":283,"column":60}},"93":{"start":{"line":284,"column":6},"end":{"line":284,"column":100}},"94":{"start":{"line":284,"column":38},"end":{"line":284,"column":98}},"95":{"start":{"line":285,"column":6},"end":{"line":285,"column":72}},"96":{"start":{"line":289,"column":18},"end":{"line":289,"column":20}},"97":{"start":{"line":290,"column":4},"end":{"line":316,"column":5}},"98":{"start":{"line":291,"column":22},"end":{"line":291,"column":52}},"99":{"start":{"line":294,"column":6},"end":{"line":297,"column":7}},"100":{"start":{"line":295,"column":8},"end":{"line":295,"column":60}},"101":{"start":{"line":296,"column":8},"end":{"line":296,"column":17}},"102":{"start":{"line":300,"column":25},"end":{"line":300,"column":27}},"103":{"start":{"line":301,"column":6},"end":{"line":312,"column":7}},"104":{"start":{"line":302,"column":8},"end":{"line":311,"column":9}},"105":{"start":{"line":303,"column":10},"end":{"line":308,"column":11}},"106":{"start":{"line":304,"column":12},"end":{"line":304,"column":50}},"107":{"start":{"line":306,"column":12},"end":{"line":306,"column":89}},"108":{"start":{"line":307,"column":12},"end":{"line":307,"column":38}},"109":{"start":{"line":310,"column":10},"end":{"line":310,"column":36}},"110":{"start":{"line":314,"column":28},"end":{"line":314,"column":59}},"111":{"start":{"line":315,"column":6},"end":{"line":315,"column":32}},"112":{"start":{"line":318,"column":4},"end":{"line":318,"column":17}},"113":{"start":{"line":320,"column":4},"end":{"line":320,"column":72}},"114":{"start":{"line":321,"column":4},"end":{"line":321,"column":14}},"115":{"start":{"line":323,"column":4},"end":{"line":323,"column":35}},"116":{"start":{"line":332,"column":22},"end":{"line":332,"column":41}},"117":{"start":{"line":333,"column":2},"end":{"line":354,"column":3}},"118":{"start":{"line":334,"column":4},"end":{"line":334,"column":32}},"119":{"start":{"line":337,"column":23},"end":{"line":337,"column":73}},"120":{"start":{"line":340,"column":4},"end":{"line":348,"column":6}},"121":{"start":{"line":350,"column":4},"end":{"line":350,"column":57}},"122":{"start":{"line":351,"column":4},"end":{"line":351,"column":36}},"123":{"start":{"line":353,"column":4},"end":{"line":353,"column":35}},"124":{"start":{"line":358,"column":0},"end":{"line":367,"column":2}}},"fnMap":{"0":{"name":"(anonymous_0)","decl":{"start":{"line":23,"column":26},"end":{"line":23,"column":27}},"loc":{"start":{"line":23,"column":32},"end":{"line":45,"column":1}},"line":23},"1":{"name":"(anonymous_1)","decl":{"start":{"line":32,"column":21},"end":{"line":32,"column":22}},"loc":{"start":{"line":32,"column":30},"end":{"line":34,"column":3}},"line":32},"2":{"name":"(anonymous_2)","decl":{"start":{"line":36,"column":23},"end":{"line":36,"column":24}},"loc":{"start":{"line":36,"column":29},"end":{"line":38,"column":3}},"line":36},"3":{"name":"(anonymous_3)","decl":{"start":{"line":40,"column":19},"end":{"line":40,"column":20}},"loc":{"start":{"line":40,"column":25},"end":{"line":42,"column":3}},"line":40},"4":{"name":"sanitizeString","decl":{"start":{"line":52,"column":9},"end":{"line":52,"column":23}},"loc":{"start":{"line":52,"column":31},"end":{"line":59,"column":1}},"line":52},"5":{"name":"isRedisAvailable","decl":{"start":{"line":67,"column":15},"end":{"line":67,"column":31}},"loc":{"start":{"line":67,"column":34},"end":{"line":82,"column":1}},"line":67},"6":{"name":"buildExistingRecordsMap","decl":{"start":{"line":92,"column":15},"end":{"line":92,"column":38}},"loc":{"start":{"line":92,"column":64},"end":{"line":125,"column":1}},"line":92},"7":{"name":"(anonymous_7)","decl":{"start":{"line":100,"column":43},"end":{"line":100,"column":44}},"loc":{"start":{"line":100,"column":50},"end":{"line":100,"column":110}},"line":100},"8":{"name":"(anonymous_8)","decl":{"start":{"line":104,"column":37},"end":{"line":104,"column":38}},"loc":{"start":{"line":104,"column":52},"end":{"line":114,"column":5}},"line":104},"9":{"name":"updateMetadata","decl":{"start":{"line":134,"column":15},"end":{"line":134,"column":29}},"loc":{"start":{"line":134,"column":63},"end":{"line":152,"column":1}},"line":134},"10":{"name":"cacheItems","decl":{"start":{"line":164,"column":15},"end":{"line":164,"column":25}},"loc":{"start":{"line":164,"column":42},"end":{"line":254,"column":1}},"line":164},"11":{"name":"getCachedItems","decl":{"start":{"line":264,"column":15},"end":{"line":264,"column":29}},"loc":{"start":{"line":264,"column":51},"end":{"line":325,"column":1}},"line":264},"12":{"name":"(anonymous_12)","decl":{"start":{"line":279,"column":27},"end":{"line":279,"column":28}},"loc":{"start":{"line":279,"column":33},"end":{"line":279,"column":54}},"line":279},"13":{"name":"(anonymous_13)","decl":{"start":{"line":284,"column":31},"end":{"line":284,"column":32}},"loc":{"start":{"line":284,"column":38},"end":{"line":284,"column":98}},"line":284},"14":{"name":"getCacheStats","decl":{"start":{"line":331,"column":15},"end":{"line":331,"column":28}},"loc":{"start":{"line":331,"column":31},"end":{"line":355,"column":1}},"line":331}},"branchMap":{"0":{"loc":{"start":{"line":53,"column":2},"end":{"line":53,"column":24}},"type":"if","locations":[{"start":{"line":53,"column":2},"end":{"line":53,"column":24}},{"start":{},"end":{}}],"line":53},"1":{"loc":{"start":{"line":78,"column":4},"end":{"line":80,"column":5}},"type":"if","locations":[{"start":{"line":78,"column":4},"end":{"line":80,"column":5}},{"start":{},"end":{}}],"line":78},"2":{"loc":{"start":{"line":100,"column":50},"end":{"line":100,"column":110}},"type":"binary-expr","locations":[{"start":{"line":100,"column":50},"end":{"line":100,"column":82}},{"start":{"line":100,"column":86},"end":{"line":100,"column":110}}],"line":100},"3":{"loc":{"start":{"line":109,"column":6},"end":{"line":113,"column":7}},"type":"if","locations":[{"start":{"line":109,"column":6},"end":{"line":113,"column":7}},{"start":{"line":111,"column":13},"end":{"line":113,"column":7}}],"line":109},"4":{"loc":{"start":{"line":109,"column":10},"end":{"line":109,"column":49}},"type":"binary-expr","locations":[{"start":{"line":109,"column":10},"end":{"line":109,"column":15}},{"start":{"line":109,"column":19},"end":{"line":109,"column":49}}],"line":109},"5":{"loc":{"start":{"line":120,"column":2},"end":{"line":122,"column":3}},"type":"if","locations":[{"start":{"line":120,"column":2},"end":{"line":122,"column":3}},{"start":{},"end":{}}],"line":120},"6":{"loc":{"start":{"line":145,"column":2},"end":{"line":151,"column":3}},"type":"if","locations":[{"start":{"line":145,"column":2},"end":{"line":151,"column":3}},{"start":{},"end":{}}],"line":145},"7":{"loc":{"start":{"line":145,"column":6},"end":{"line":145,"column":90}},"type":"binary-expr","locations":[{"start":{"line":145,"column":6},"end":{"line":145,"column":28}},{"start":{"line":145,"column":32},"end":{"line":145,"column":58}},{"start":{"line":145,"column":62},"end":{"line":145,"column":90}}],"line":145},"8":{"loc":{"start":{"line":193,"column":6},"end":{"line":197,"column":7}},"type":"if","locations":[{"start":{"line":193,"column":6},"end":{"line":197,"column":7}},{"start":{},"end":{}}],"line":193},"9":{"loc":{"start":{"line":203,"column":6},"end":{"line":206,"column":7}},"type":"if","locations":[{"start":{"line":203,"column":6},"end":{"line":206,"column":7}},{"start":{},"end":{}}],"line":203},"10":{"loc":{"start":{"line":203,"column":10},"end":{"line":203,"column":61}},"type":"binary-expr","locations":[{"start":{"line":203,"column":10},"end":{"line":203,"column":22}},{"start":{"line":203,"column":26},"end":{"line":203,"column":61}}],"line":203},"11":{"loc":{"start":{"line":209,"column":6},"end":{"line":213,"column":7}},"type":"if","locations":[{"start":{"line":209,"column":6},"end":{"line":213,"column":7}},{"start":{"line":211,"column":13},"end":{"line":213,"column":7}}],"line":209},"12":{"loc":{"start":{"line":219,"column":31},"end":{"line":221,"column":25}},"type":"cond-expr","locations":[{"start":{"line":219,"column":71},"end":{"line":219,"column":73}},{"start":{"line":220,"column":12},"end":{"line":221,"column":25}}],"line":219},"13":{"loc":{"start":{"line":219,"column":31},"end":{"line":219,"column":68}},"type":"binary-expr","locations":[{"start":{"line":219,"column":31},"end":{"line":219,"column":45}},{"start":{"line":219,"column":49},"end":{"line":219,"column":68}}],"line":219},"14":{"loc":{"start":{"line":220,"column":12},"end":{"line":221,"column":25}},"type":"cond-expr","locations":[{"start":{"line":220,"column":40},"end":{"line":220,"column":61}},{"start":{"line":221,"column":12},"end":{"line":221,"column":25}}],"line":220},"15":{"loc":{"start":{"line":264,"column":30},"end":{"line":264,"column":40}},"type":"default-arg","locations":[{"start":{"line":264,"column":36},"end":{"line":264,"column":40}}],"line":264},"16":{"loc":{"start":{"line":265,"column":2},"end":{"line":267,"column":3}},"type":"if","locations":[{"start":{"line":265,"column":2},"end":{"line":267,"column":3}},{"start":{},"end":{}}],"line":265},"17":{"loc":{"start":{"line":265,"column":6},"end":{"line":265,"column":37}},"type":"binary-expr","locations":[{"start":{"line":265,"column":6},"end":{"line":265,"column":14}},{"start":{"line":265,"column":18},"end":{"line":265,"column":37}}],"line":265},"18":{"loc":{"start":{"line":277,"column":4},"end":{"line":286,"column":5}},"type":"if","locations":[{"start":{"line":277,"column":4},"end":{"line":286,"column":5}},{"start":{"line":281,"column":11},"end":{"line":286,"column":5}}],"line":277},"19":{"loc":{"start":{"line":277,"column":8},"end":{"line":277,"column":51}},"type":"binary-expr","locations":[{"start":{"line":277,"column":8},"end":{"line":277,"column":11}},{"start":{"line":277,"column":15},"end":{"line":277,"column":33}},{"start":{"line":277,"column":37},"end":{"line":277,"column":51}}],"line":277},"20":{"loc":{"start":{"line":284,"column":38},"end":{"line":284,"column":98}},"type":"binary-expr","locations":[{"start":{"line":284,"column":38},"end":{"line":284,"column":70}},{"start":{"line":284,"column":74},"end":{"line":284,"column":98}}],"line":284},"21":{"loc":{"start":{"line":294,"column":6},"end":{"line":297,"column":7}},"type":"if","locations":[{"start":{"line":294,"column":6},"end":{"line":297,"column":7}},{"start":{},"end":{}}],"line":294},"22":{"loc":{"start":{"line":294,"column":10},"end":{"line":294,"column":55}},"type":"binary-expr","locations":[{"start":{"line":294,"column":10},"end":{"line":294,"column":18}},{"start":{"line":294,"column":22},"end":{"line":294,"column":55}}],"line":294},"23":{"loc":{"start":{"line":302,"column":8},"end":{"line":311,"column":9}},"type":"if","locations":[{"start":{"line":302,"column":8},"end":{"line":311,"column":9}},{"start":{"line":309,"column":15},"end":{"line":311,"column":9}}],"line":302},"24":{"loc":{"start":{"line":302,"column":12},"end":{"line":302,"column":69}},"type":"binary-expr","locations":[{"start":{"line":302,"column":12},"end":{"line":302,"column":17}},{"start":{"line":302,"column":22},"end":{"line":302,"column":43}},{"start":{"line":302,"column":47},"end":{"line":302,"column":68}}],"line":302},"25":{"loc":{"start":{"line":337,"column":23},"end":{"line":337,"column":73}},"type":"binary-expr","locations":[{"start":{"line":337,"column":23},"end":{"line":337,"column":67}},{"start":{"line":337,"column":71},"end":{"line":337,"column":73}}],"line":337},"26":{"loc":{"start":{"line":342,"column":24},"end":{"line":342,"column":53}},"type":"binary-expr","locations":[{"start":{"line":342,"column":24},"end":{"line":342,"column":46}},{"start":{"line":342,"column":50},"end":{"line":342,"column":53}}],"line":342},"27":{"loc":{"start":{"line":343,"column":22},"end":{"line":343,"column":49}},"type":"binary-expr","locations":[{"start":{"line":343,"column":22},"end":{"line":343,"column":42}},{"start":{"line":343,"column":46},"end":{"line":343,"column":49}}],"line":343},"28":{"loc":{"start":{"line":344,"column":26},"end":{"line":344,"column":57}},"type":"binary-expr","locations":[{"start":{"line":344,"column":26},"end":{"line":344,"column":50}},{"start":{"line":344,"column":54},"end":{"line":344,"column":57}}],"line":344},"29":{"loc":{"start":{"line":345,"column":28},"end":{"line":345,"column":61}},"type":"binary-expr","locations":[{"start":{"line":345,"column":28},"end":{"line":345,"column":54}},{"start":{"line":345,"column":58},"end":{"line":345,"column":61}}],"line":345},"30":{"loc":{"start":{"line":346,"column":20},"end":{"line":346,"column":51}},"type":"binary-expr","locations":[{"start":{"line":346,"column":20},"end":{"line":346,"column":40}},{"start":{"line":346,"column":44},"end":{"line":346,"column":51}}],"line":346}},"s":{"0":1,"1":1,"2":1,"3":0,"4":0,"5":0,"6":0,"7":0,"8":0,"9":0,"10":0,"11":0,"12":0,"13":0,"14":0,"15":0,"16":0,"17":0,"18":0,"19":0,"20":0,"21":0,"22":0,"23":0,"24":0,"25":0,"26":0,"27":0,"28":0,"29":0,"30":0,"31":0,"32":0,"33":0,"34":0,"35":0,"36":0,"37":0,"38":0,"39":0,"40":0,"41":0,"42":0,"43":0,"44":0,"45":0,"46":0,"47":0,"48":0,"49":0,"50":0,"51":0,"52":0,"53":0,"54":0,"55":0,"56":0,"57":0,"58":0,"59":0,"60":0,"61":0,"62":0,"63":0,"64":0,"65":0,"66":0,"67":0,"68":0,"69":0,"70":0,"71":0,"72":0,"73":0,"74":0,"75":0,"76":0,"77":0,"78":0,"79":0,"80":0,"81":0,"82":0,"83":0,"84":0,"85":0,"86":0,"87":0,"88":0,"89":0,"90":0,"91":0,"92":0,"93":0,"94":0,"95":0,"96":0,"97":0,"98":0,"99":0,"100":0,"101":0,"102":0,"103":0,"104":0,"105":0,"106":0,"107":0,"108":0,"109":0,"110":0,"111":0,"112":0,"113":0,"114":0,"115":0,"116":0,"117":0,"118":0,"119":0,"120":0,"121":0,"122":0,"123":0,"124":1},"f":{"0":0,"1":0,"2":0,"3":0,"4":0,"5":0,"6":0,"7":0,"8":0,"9":0,"10":0,"11":0,"12":0,"13":0,"14":0},"b":{"0":[0,0],"1":[0,0],"2":[0,0],"3":[0,0],"4":[0,0],"5":[0,0],"6":[0,0],"7":[0,0,0],"8":[0,0],"9":[0,0],"10":[0,0],"11":[0,0],"12":[0,0],"13":[0,0],"14":[0,0],"15":[0],"16":[0,0],"17":[0,0],"18":[0,0],"19":[0,0,0],"20":[0,0],"21":[0,0],"22":[0,0],"23":[0,0],"24":[0,0,0],"25":[0,0],"26":[0,0],"27":[0,0],"28":[0,0],"29":[0,0],"30":[0,0]},"_coverageSchema":"1a1c01bbd47fc00a2c39e90264f33305004495a9","hash":"235d84ffffeadad7eda759266053dd0327e2363f"}
}
