TN:
SF:src\backend\etl\aggieExpertsAPI\services\expertProfileCache.js
FN:12,(anonymous_0)
FN:16,(anonymous_1)
FN:18,(anonymous_2)
FN:47,(anonymous_3)
FN:61,(anonymous_4)
FN:75,(anonymous_5)
FN:79,(anonymous_6)
FN:92,(anonymous_7)
FN:127,cacheEntities
FN:132,(anonymous_9)
FN:146,getCachedEntities
FN:154,(anonymous_11)
FN:173,getRecentCachedEntities
FN:198,(anonymous_13)
FNF:14
FNH:0
FNDA:0,(anonymous_0)
FNDA:0,(anonymous_1)
FNDA:0,(anonymous_2)
FNDA:0,(anonymous_3)
FNDA:0,(anonymous_4)
FNDA:0,(anonymous_5)
FNDA:0,(anonymous_6)
FNDA:0,(anonymous_7)
FNDA:0,cacheEntities
FNDA:0,(anonymous_9)
FNDA:0,getCachedEntities
FNDA:0,(anonymous_11)
FNDA:0,getRecentCachedEntities
FNDA:0,(anonymous_13)
DA:8,1
DA:11,1
DA:13,0
DA:14,0
DA:18,0
DA:19,0
DA:20,0
DA:21,0
DA:25,0
DA:35,0
DA:45,0
DA:49,0
DA:52,0
DA:53,0
DA:56,0
DA:61,0
DA:62,0
DA:63,0
DA:66,0
DA:75,0
DA:79,0
DA:94,0
DA:96,0
DA:102,0
DA:107,0
DA:123,0
DA:128,0
DA:129,0
DA:132,0
DA:133,0
DA:134,0
DA:137,0
DA:147,0
DA:149,0
DA:150,0
DA:152,0
DA:154,0
DA:158,0
DA:159,0
DA:174,0
DA:175,0
DA:177,0
DA:178,0
DA:181,0
DA:182,0
DA:184,0
DA:185,0
DA:186,0
DA:194,0
DA:197,0
DA:198,0
DA:200,0
DA:203,0
DA:204,0
DA:205,0
DA:208,0
DA:209,0
DA:210,0
DA:214,0
DA:215,0
DA:216,0
DA:217,0
DA:218,0
DA:220,0
DA:223,0
DA:227,0
DA:230,0
DA:231,0
DA:235,0
DA:237,0
DA:244,0
DA:245,0
DA:252,0
DA:256,1
LF:74
LH:3
BRDA:13,0,0,0
BRDA:13,0,1,0
BRDA:13,1,0,0
BRDA:13,1,1,0
BRDA:19,2,0,0
BRDA:19,2,1,0
BRDA:20,3,0,0
BRDA:20,3,1,0
BRDA:20,4,0,0
BRDA:20,4,1,0
BRDA:49,5,0,0
BRDA:49,5,1,0
BRDA:49,6,0,0
BRDA:49,6,1,0
BRDA:52,7,0,0
BRDA:52,7,1,0
BRDA:53,8,0,0
BRDA:53,8,1,0
BRDA:56,9,0,0
BRDA:56,9,1,0
BRDA:56,9,2,0
BRDA:62,10,0,0
BRDA:62,10,1,0
BRDA:63,11,0,0
BRDA:63,11,1,0
BRDA:67,12,0,0
BRDA:67,12,1,0
BRDA:69,13,0,0
BRDA:69,13,1,0
BRDA:72,14,0,0
BRDA:72,14,1,0
BRDA:73,15,0,0
BRDA:73,15,1,0
BRDA:74,16,0,0
BRDA:74,16,1,0
BRDA:77,17,0,0
BRDA:77,17,1,0
BRDA:81,18,0,0
BRDA:81,18,1,0
BRDA:82,19,0,0
BRDA:82,19,1,0
BRDA:87,20,0,0
BRDA:87,20,1,0
BRDA:94,21,0,0
BRDA:94,21,1,0
BRDA:94,22,0,0
BRDA:94,22,1,0
BRDA:96,23,0,0
BRDA:96,23,1,0
BRDA:98,24,0,0
BRDA:98,24,1,0
BRDA:99,25,0,0
BRDA:99,25,1,0
BRDA:102,26,0,0
BRDA:102,26,1,0
BRDA:104,27,0,0
BRDA:104,27,1,0
BRDA:105,28,0,0
BRDA:105,28,1,0
BRDA:113,29,0,0
BRDA:113,29,1,0
BRDA:114,30,0,0
BRDA:114,30,1,0
BRDA:115,31,0,0
BRDA:115,31,1,0
BRDA:118,32,0,0
BRDA:118,32,1,0
BRDA:119,33,0,0
BRDA:119,33,1,0
BRDA:120,34,0,0
BRDA:120,34,1,0
BRDA:128,35,0,0
BRDA:128,35,1,0
BRDA:132,36,0,0
BRDA:132,36,1,0
BRDA:132,37,0,0
BRDA:132,37,1,0
BRDA:133,38,0,0
BRDA:133,38,1,0
BRDA:146,39,0,0
BRDA:146,40,0,0
BRDA:173,41,0,0
BRDA:184,42,0,0
BRDA:184,42,1,0
BRDA:198,43,0,0
BRDA:198,43,1,0
BRDA:208,44,0,0
BRDA:208,44,1,0
BRDA:208,45,0,0
BRDA:208,45,1,0
BRDA:216,46,0,0
BRDA:216,46,1,0
BRDA:216,47,0,0
BRDA:216,47,1,0
BRDA:216,47,2,0
BRDA:230,48,0,0
BRDA:230,48,1,0
BRF:97
BRH:0
end_of_record
TN:
SF:src\backend\etl\aggieExpertsAPI\services\fetchExpertID.js
FN:15,fetchAllExperts
FN:62,getExpertIds
FN:64,(anonymous_2)
FN:73,fetchExpertIds
FNF:4
FNH:0
FNDA:0,fetchAllExperts
FNDA:0,getExpertIds
FNDA:0,(anonymous_2)
FNDA:0,fetchExpertIds
DA:8,1
DA:16,0
DA:17,0
DA:19,0
DA:20,0
DA:21,0
DA:27,0
DA:28,0
DA:31,0
DA:32,0
DA:33,0
DA:37,0
DA:42,0
DA:43,0
DA:46,0
DA:49,0
DA:50,0
DA:52,0
DA:53,0
DA:63,0
DA:64,0
DA:74,0
DA:75,0
DA:76,0
DA:79,1
LF:25
LH:2
BRDA:15,0,0,0
BRDA:28,1,0,0
BRDA:28,1,1,0
BRDA:28,2,0,0
BRDA:28,2,1,0
BRDA:32,3,0,0
BRDA:32,3,1,0
BRDA:34,4,0,0
BRDA:34,4,1,0
BRDA:42,5,0,0
BRDA:42,5,1,0
BRDA:42,6,0,0
BRDA:42,6,1,0
BRDA:73,7,0,0
BRF:14
BRH:0
end_of_record
TN:
SF:src\backend\etl\aggieExpertsAPI\services\fetchExpertProfiles.js
FN:18,fetchExpertProfiles
FNF:1
FNH:0
FNDA:0,fetchExpertProfiles
DA:11,1
DA:12,1
DA:19,0
DA:21,0
DA:22,0
DA:25,0
DA:26,0
DA:28,0
DA:29,0
DA:31,0
DA:33,0
DA:36,0
DA:38,0
DA:43,0
DA:44,0
DA:47,0
DA:48,0
DA:52,1
LF:18
LH:3
BRDA:18,0,0,0
BRDA:18,1,0,0
BRDA:18,2,0,0
BRF:3
BRH:0
end_of_record
TN:
SF:src\backend\etl\aggieExpertsAPI\services\fetchProfileByID.js
FN:17,getExpertData
FN:51,(anonymous_1)
FN:56,(anonymous_2)
FN:76,formatName
FN:82,processItems
FN:88,processWork
FN:105,(anonymous_6)
FN:114,(anonymous_7)
FN:121,processGrant
FN:139,(anonymous_9)
FN:153,splitCamelPascal
FN:157,(anonymous_11)
FNF:12
FNH:0
FNDA:0,getExpertData
FNDA:0,(anonymous_1)
FNDA:0,(anonymous_2)
FNDA:0,formatName
FNDA:0,processItems
FNDA:0,processWork
FNDA:0,(anonymous_6)
FNDA:0,(anonymous_7)
FNDA:0,processGrant
FNDA:0,(anonymous_9)
FNDA:0,splitCamelPascal
FNDA:0,(anonymous_11)
DA:9,1
DA:18,0
DA:20,0
DA:21,0
DA:28,0
DA:29,0
DA:32,0
DA:47,0
DA:48,0
DA:51,0
DA:52,0
DA:56,0
DA:57,0
DA:62,0
DA:63,0
DA:68,0
DA:70,0
DA:71,0
DA:77,0
DA:78,0
DA:83,0
DA:84,0
DA:89,0
DA:92,0
DA:93,0
DA:94,0
DA:97,0
DA:102,0
DA:103,0
DA:105,0
DA:108,0
DA:109,0
DA:114,0
DA:129,0
DA:132,0
DA:133,0
DA:134,0
DA:138,0
DA:139,0
DA:140,0
DA:141,0
DA:154,0
DA:157,0
DA:160,1
LF:44
LH:2
BRDA:17,0,0,0
BRDA:17,1,0,0
BRDA:18,2,0,0
BRDA:18,2,1,0
BRDA:29,3,0,0
BRDA:29,3,1,0
BRDA:29,4,0,0
BRDA:29,4,1,0
BRDA:34,5,0,0
BRDA:34,5,1,0
BRDA:35,6,0,0
BRDA:35,6,1,0
BRDA:36,7,0,0
BRDA:36,7,1,0
BRDA:37,8,0,0
BRDA:37,8,1,0
BRDA:39,9,0,0
BRDA:39,9,1,0
BRDA:40,10,0,0
BRDA:40,10,1,0
BRDA:42,11,0,0
BRDA:42,11,1,0
BRDA:47,12,0,0
BRDA:47,12,1,0
BRDA:52,13,0,0
BRDA:52,13,1,0
BRDA:52,13,2,0
BRDA:52,13,3,0
BRDA:52,13,4,0
BRDA:57,14,0,0
BRDA:57,14,1,0
BRDA:57,14,2,0
BRDA:77,15,0,0
BRDA:77,15,1,0
BRDA:78,16,0,0
BRDA:78,16,1,0
BRDA:78,17,0,0
BRDA:78,17,1,0
BRDA:78,18,0,0
BRDA:78,18,1,0
BRDA:83,19,0,0
BRDA:83,19,1,0
BRDA:89,20,0,0
BRDA:89,21,0,0
BRDA:89,22,0,0
BRDA:89,23,0,0
BRDA:89,24,0,0
BRDA:92,25,0,0
BRDA:92,25,1,0
BRDA:92,25,2,0
BRDA:93,26,0,0
BRDA:93,26,1,0
BRDA:94,27,0,0
BRDA:94,27,1,0
BRDA:94,27,2,0
BRDA:97,28,0,0
BRDA:97,28,1,0
BRDA:98,29,0,0
BRDA:98,29,1,0
BRDA:103,30,0,0
BRDA:103,30,1,0
BRDA:104,31,0,0
BRDA:104,31,1,0
BRDA:105,32,0,0
BRDA:105,32,1,0
BRDA:105,33,0,0
BRDA:105,33,1,0
BRDA:106,34,0,0
BRDA:106,34,1,0
BRDA:106,35,0,0
BRDA:106,35,1,0
BRDA:114,36,0,0
BRDA:114,36,1,0
BRDA:114,37,0,0
BRDA:114,37,1,0
BRDA:114,38,0,0
BRDA:114,38,1,0
BRDA:115,39,0,0
BRDA:115,39,1,0
BRDA:123,40,0,0
BRDA:124,41,0,0
BRDA:125,42,0,0
BRDA:126,43,0,0
BRDA:127,44,0,0
BRDA:128,45,0,0
BRDA:133,46,0,0
BRDA:133,46,1,0
BRDA:133,47,0,0
BRDA:133,47,1,0
BRDA:138,48,0,0
BRDA:138,48,1,0
BRDA:138,49,0,0
BRDA:138,49,1,0
BRDA:139,50,0,0
BRDA:139,50,1,0
BRDA:142,51,0,0
BRDA:142,51,1,0
BRDA:145,52,0,0
BRDA:145,52,1,0
BRDA:147,53,0,0
BRDA:147,53,1,0
BRDA:148,54,0,0
BRDA:148,54,1,0
BRDA:149,55,0,0
BRDA:149,55,1,0
BRDA:149,56,0,0
BRDA:149,56,1,0
BRF:107
BRH:0
end_of_record
TN:
SF:src\backend\etl\aggieExpertsAPI\services\formatFeatures.js
FN:13,formatFeatures
FN:19,(anonymous_1)
FN:33,(anonymous_2)
FN:56,(anonymous_3)
FNF:4
FNH:0
FNDA:0,formatFeatures
FNDA:0,(anonymous_1)
FNDA:0,(anonymous_2)
FNDA:0,(anonymous_3)
DA:15,0
DA:16,0
DA:19,0
DA:20,0
DA:32,0
DA:33,0
DA:34,0
DA:37,0
DA:38,0
DA:39,0
DA:42,0
DA:44,0
DA:45,0
DA:48,0
DA:49,0
DA:55,0
DA:56,0
DA:57,0
DA:60,0
DA:61,0
DA:62,0
DA:65,0
DA:67,0
DA:68,0
DA:71,0
DA:72,0
DA:79,0
DA:80,0
DA:82,0
DA:88,1
LF:30
LH:1
BRDA:32,0,0,0
BRDA:32,0,1,0
BRDA:32,1,0,0
BRDA:32,1,1,0
BRDA:38,2,0,0
BRDA:38,2,1,0
BRDA:38,3,0,0
BRDA:38,3,1,0
BRDA:42,4,0,0
BRDA:42,4,1,0
BRDA:55,5,0,0
BRDA:55,5,1,0
BRDA:55,6,0,0
BRDA:55,6,1,0
BRDA:61,7,0,0
BRDA:61,7,1,0
BRDA:61,8,0,0
BRDA:61,8,1,0
BRDA:65,9,0,0
BRDA:65,9,1,0
BRF:20
BRH:0
end_of_record
TN:
SF:src\backend\etl\aggieExpertsAPI\services\getExpertProfiles.js
FN:17,getExpertProfiles
FN:54,(anonymous_1)
FNF:2
FNH:0
FNDA:0,getExpertProfiles
FNDA:0,(anonymous_1)
DA:8,1
DA:18,0
DA:19,0
DA:22,0
DA:25,0
DA:29,0
DA:30,0
DA:33,0
DA:34,0
DA:40,0
DA:41,0
DA:49,1
DA:50,0
DA:51,0
DA:53,0
DA:55,0
DA:56,0
DA:58,0
DA:59,0
DA:64,1
LF:20
LH:3
BRDA:17,0,0,0
BRDA:22,1,0,0
BRDA:25,2,0,0
BRDA:25,2,1,0
BRDA:29,3,0,0
BRDA:29,3,1,0
BRDA:29,4,0,0
BRDA:29,4,1,0
BRDA:49,5,0,0
BRDA:49,5,1,1
BRDA:55,6,0,0
BRDA:55,6,1,0
BRF:12
BRH:1
end_of_record
TN:
SF:src\backend\etl\aggieExpertsAPI\utils\fetchingUtils.js
FN:31,fetchFromApi
FN:49,postRequestApi
FNF:2
FNH:0
FNDA:0,fetchFromApi
FNDA:0,postRequestApi
DA:17,2
DA:18,2
DA:21,2
DA:32,0
DA:33,0
DA:34,0
DA:36,0
DA:37,0
DA:50,0
DA:51,0
DA:52,0
DA:54,0
DA:55,0
DA:60,2
LF:14
LH:4
BRDA:31,0,0,0
BRDA:31,1,0,0
BRDA:49,2,0,0
BRF:3
BRH:0
end_of_record
TN:
SF:src\backend\etl\aggieExpertsAPI\utils\redisUtils.js
FN:23,(anonymous_0)
FN:32,(anonymous_1)
FN:36,(anonymous_2)
FN:40,(anonymous_3)
FN:52,sanitizeString
FN:67,isRedisAvailable
FN:92,buildExistingRecordsMap
FN:100,(anonymous_7)
FN:104,(anonymous_8)
FN:134,updateMetadata
FN:164,cacheItems
FN:264,getCachedItems
FN:279,(anonymous_12)
FN:284,(anonymous_13)
FN:331,getCacheStats
FNF:15
FNH:0
FNDA:0,(anonymous_0)
FNDA:0,(anonymous_1)
FNDA:0,(anonymous_2)
FNDA:0,(anonymous_3)
FNDA:0,sanitizeString
FNDA:0,isRedisAvailable
FNDA:0,buildExistingRecordsMap
FNDA:0,(anonymous_7)
FNDA:0,(anonymous_8)
FNDA:0,updateMetadata
FNDA:0,cacheItems
FNDA:0,getCachedItems
FNDA:0,(anonymous_12)
FNDA:0,(anonymous_13)
FNDA:0,getCacheStats
DA:14,1
DA:15,1
DA:23,1
DA:25,0
DA:26,0
DA:28,0
DA:32,0
DA:33,0
DA:36,0
DA:37,0
DA:40,0
DA:41,0
DA:44,0
DA:53,0
DA:55,0
DA:68,0
DA:70,0
DA:71,0
DA:72,0
DA:73,0
DA:75,0
DA:76,0
DA:78,0
DA:79,0
DA:94,0
DA:97,0
DA:100,0
DA:104,0
DA:105,0
DA:106,0
DA:109,0
DA:112,0
DA:117,0
DA:120,0
DA:121,0
DA:124,0
DA:135,0
DA:138,0
DA:145,0
DA:146,0
DA:170,0
DA:172,0
DA:174,0
DA:175,0
DA:176,0
DA:178,0
DA:179,0
DA:180,0
DA:182,0
DA:183,0
DA:184,0
DA:185,0
DA:188,0
DA:189,0
DA:190,0
DA:191,0
DA:193,0
DA:194,0
DA:196,0
DA:199,0
DA:200,0
DA:203,0
DA:204,0
DA:205,0
DA:209,0
DA:210,0
DA:212,0
DA:215,0
DA:216,0
DA:218,0
DA:219,0
DA:224,0
DA:228,0
DA:236,0
DA:237,0
DA:239,0
DA:249,0
DA:250,0
DA:252,0
DA:265,0
DA:266,0
DA:269,0
DA:270,0
DA:272,0
DA:273,0
DA:277,0
DA:279,0
DA:280,0
DA:283,0
DA:284,0
DA:285,0
DA:289,0
DA:290,0
DA:291,0
DA:294,0
DA:295,0
DA:296,0
DA:300,0
DA:301,0
DA:302,0
DA:303,0
DA:304,0
DA:306,0
DA:307,0
DA:310,0
DA:314,0
DA:315,0
DA:318,0
DA:320,0
DA:321,0
DA:323,0
DA:332,0
DA:333,0
DA:334,0
DA:337,0
DA:340,0
DA:350,0
DA:351,0
DA:353,0
DA:358,1
LF:120
LH:4
BRDA:53,0,0,0
BRDA:53,0,1,0
BRDA:78,1,0,0
BRDA:78,1,1,0
BRDA:100,2,0,0
BRDA:100,2,1,0
BRDA:109,3,0,0
BRDA:109,3,1,0
BRDA:109,4,0,0
BRDA:109,4,1,0
BRDA:120,5,0,0
BRDA:120,5,1,0
BRDA:145,6,0,0
BRDA:145,6,1,0
BRDA:145,7,0,0
BRDA:145,7,1,0
BRDA:145,7,2,0
BRDA:193,8,0,0
BRDA:193,8,1,0
BRDA:203,9,0,0
BRDA:203,9,1,0
BRDA:203,10,0,0
BRDA:203,10,1,0
BRDA:209,11,0,0
BRDA:209,11,1,0
BRDA:219,12,0,0
BRDA:219,12,1,0
BRDA:219,13,0,0
BRDA:219,13,1,0
BRDA:220,14,0,0
BRDA:220,14,1,0
BRDA:264,15,0,0
BRDA:265,16,0,0
BRDA:265,16,1,0
BRDA:265,17,0,0
BRDA:265,17,1,0
BRDA:277,18,0,0
BRDA:277,18,1,0
BRDA:277,19,0,0
BRDA:277,19,1,0
BRDA:277,19,2,0
BRDA:284,20,0,0
BRDA:284,20,1,0
BRDA:294,21,0,0
BRDA:294,21,1,0
BRDA:294,22,0,0
BRDA:294,22,1,0
BRDA:302,23,0,0
BRDA:302,23,1,0
BRDA:302,24,0,0
BRDA:302,24,1,0
BRDA:302,24,2,0
BRDA:337,25,0,0
BRDA:337,25,1,0
BRDA:342,26,0,0
BRDA:342,26,1,0
BRDA:343,27,0,0
BRDA:343,27,1,0
BRDA:344,28,0,0
BRDA:344,28,1,0
BRDA:345,29,0,0
BRDA:345,29,1,0
BRDA:346,30,0,0
BRDA:346,30,1,0
BRF:64
BRH:0
end_of_record
